#
# A fatal error has been detected by the Java Runtime Environment:
#
#  SIGSEGV (0xb) at pc=0x0000000109bd2b86, pid=56047, tid=0x0000000000004803
#
# JRE version: Java(TM) SE Runtime Environment (8.0_201-b09) (build 1.8.0_201-b09)
# Java VM: Java HotSpot(TM) 64-Bit Server VM (25.201-b09 mixed mode bsd-amd64 compressed oops)
# Problematic frame:
# V  [libjvm.dylib+0x3d2b86]  PhaseLive::compute(unsigned int)+0x294
#
# Failed to write core dump. Core dumps have been disabled. To enable core dumping, try "ulimit -c unlimited" before starting Java again
#
# If you would like to submit a bug report, please visit:
#   http://bugreport.java.com/bugreport/crash.jsp
#

---------------  T H R E A D  ---------------

Current thread (0x00007fb333058000):  JavaThread "C2 CompilerThread0" daemon [_thread_in_native, id=18435, stack(0x000070000234f000,0x000070000244f000)]

siginfo: si_signo: 11 (SIGSEGV), si_code: 1 (SEGV_MAPERR), si_addr: 0x00000001314942c8

Registers:
RAX=0x0000000000017657, RBX=0x000070000244b938, RCX=0x00000001313d9010, RDX=0x0000000000000000
RSP=0x000070000244b670, RBP=0x000070000244b730, RSI=0x0000000000000000, RDI=0x00007fb3385fa268
R8 =0x0000000000000000, R9 =0xffffffff00000000, R10=0x000000010a040678, R11=0x0000000001d327a8
R12=0x0000000000000050, R13=0x0000000000000040, R14=0x00007fb3342382d0, R15=0x00007fb33731dd60
RIP=0x0000000109bd2b86, EFLAGS=0x0000000000010202, ERR=0x0000000000000004
  TRAPNO=0x000000000000000e

Top of Stack: (sp=0x000070000244b670)
0x000070000244b670:   000000020244b6a0 0000000000000717
0x000070000244b680:   0000000000000716 0000003809962b2f
0x000070000244b690:   0000000000000035 0000000000000034
0x000070000244b6a0:   000000390244b730 0000000131619db0
0x000070000244b6b0:   fffffffc00000061 00007fb3385fa268
0x000070000244b6c0:   000000010a0e3b70 00007fb33271be70
0x000070000244b6d0:   00007fb300000020 00007fb3385af450
0x000070000244b6e0:   00007fb33271be70 00007fb336033400
0x000070000244b6f0:   00007fb336036010 00007fb33603b3e8
0x000070000244b700:   000000000039c720 000070000244c500
0x000070000244b710:   000070000244b750 000070000244b938
0x000070000244b720:   000070000244c5e8 000000010a0f2540
0x000070000244b730:   000070000244ba40 0000000109961f71
0x000070000244b740:   000070000244b770 0000000109868d43
0x000070000244b750:   00007fb3384e6a70 00007fb3384e6a70
0x000070000244b760:   0000000000000005 0000000000000029
0x000070000244b770:   000070000244b870 0000000109bb727a
0x000070000244b780:   0000000000000080 00007fb334dd6fc0
0x000070000244b790:   0000000108def980 0000000000000002
0x000070000244b7a0:   0000000000000000 0000000000000000
0x000070000244b7b0:   00007fb334dd71f8 000070000244b8b0
0x000070000244b7c0:   000000000000e5a0 000070000244dfa0
0x000070000244b7d0:   0000000000000000 0000000108dee000
0x000070000244b7e0:   000070000244b810 00007fff74864ffe
0x000070000244b7f0:   000070000244b8b0 0000000000000000
0x000070000244b800:   00007fffa7440000 000000000000e5a0
0x000070000244b810:   000000010a0d47e0 00007fff0000000d
0x000070000244b820:   000070000244dfa0 000070000244c500
0x000070000244b830:   0000000000000001 00007fb333b4ead0
0x000070000244b840:   000070000244b860 00007fff74863b81
0x000070000244b850:   0000000000000000 000070000244b8b0
0x000070000244b860:   000070000244b8a0 0000000109c89566 

Instructions: (pc=0x0000000109bd2b86)
0x0000000109bd2b66:   72 43 41 83 c4 fe 49 ff c4 45 31 ed 49 8b 47 08
0x0000000109bd2b76:   4a 8b 44 e8 08 8b 40 28 48 8b 4b 38 48 8b 49 68
0x0000000109bd2b86:   4c 39 34 c1 74 17 48 63 c0 48 8b 4b 40 48 8b 49
0x0000000109bd2b96:   18 8b 34 81 48 8b 7d 88 e8 5b fd d8 ff 49 ff c5 

Register to memory mapping:

RAX=0x0000000000017657 is an unknown value
RBX=0x000070000244b938 is pointing into the stack for thread: 0x00007fb333058000
RCX=0x00000001313d9010 is an unknown value
RDX=0x0000000000000000 is an unknown value
RSP=0x000070000244b670 is pointing into the stack for thread: 0x00007fb333058000
RBP=0x000070000244b730 is pointing into the stack for thread: 0x00007fb333058000
RSI=0x0000000000000000 is an unknown value
RDI=0x00007fb3385fa268 is an unknown value
R8 =0x0000000000000000 is an unknown value
R9 =0xffffffff00000000 is an unknown value
R10=0x000000010a040678: _ZL8tc_mutex+0x18 in /Library/Java/JavaVirtualMachines/jdk1.8.0_201.jdk/Contents/Home/jre/lib/server/libjvm.dylib at 0x0000000109800000
R11=0x0000000001d327a8 is an unknown value
R12=0x0000000000000050 is an unknown value
R13=0x0000000000000040 is an unknown value
R14=0x00007fb3342382d0 is an unknown value
R15=0x00007fb33731dd60 is an unknown value


Stack: [0x000070000234f000,0x000070000244f000],  sp=0x000070000244b670,  free space=1009k
Native frames: (J=compiled Java code, j=interpreted, Vv=VM code, C=native code)
V  [libjvm.dylib+0x3d2b86]  PhaseLive::compute(unsigned int)+0x294
V  [libjvm.dylib+0x161f71]  PhaseChaitin::Register_Allocate()+0x5f9
V  [libjvm.dylib+0x1b0a20]  Compile::Code_Gen()+0x14e
V  [libjvm.dylib+0x1b4c1d]  Compile::Compile(ciEnv*, C2Compiler*, ciMethod*, int, bool, bool, bool)+0x98d
V  [libjvm.dylib+0x1511ae]  C2Compiler::compile_method(ciEnv*, ciMethod*, int)+0xb2
V  [libjvm.dylib+0x1b82ba]  CompileBroker::invoke_compiler_on_method(CompileTask*)+0x5b2
V  [libjvm.dylib+0x1ba801]  CompileBroker::compiler_thread_loop()+0x291
V  [libjvm.dylib+0x570c33]  JavaThread::thread_main_inner()+0x9b
V  [libjvm.dylib+0x57232e]  JavaThread::run()+0x1c2
V  [libjvm.dylib+0x48f3ca]  java_start(Thread*)+0xf6
C  [libsystem_pthread.dylib+0x32eb]  _pthread_body+0x7e
C  [libsystem_pthread.dylib+0x6249]  _pthread_start+0x42
C  [libsystem_pthread.dylib+0x240d]  thread_start+0xd
C  0x0000000000000000


Current CompileTask:
C2:  12419 5292   !   4       org.springframework.core.annotation.AnnotatedElementUtils::searchWithFindSemantics (773 bytes)


---------------  P R O C E S S  ---------------

Java Threads: ( => current thread )
  0x00007fb336371800 JavaThread "HikariPool-1 housekeeper" daemon [_thread_blocked, id=15619, stack(0x0000700002d6d000,0x0000700002e6d000)]
  0x00007fb33484e000 JavaThread "Abandoned connection cleanup thread" daemon [_thread_blocked, id=16131, stack(0x0000700002c6a000,0x0000700002d6a000)]
  0x00007fb3344cb800 JavaThread "container-0" [_thread_blocked, id=16387, stack(0x0000700002b67000,0x0000700002c67000)]
  0x00007fb333558800 JavaThread "ContainerBackgroundProcessor[StandardEngine[Tomcat]]" daemon [_thread_blocked, id=16903, stack(0x0000700002a64000,0x0000700002b64000)]
  0x00007fb334c5b000 JavaThread "localhost-startStop-1" daemon [_thread_blocked, id=15111, stack(0x0000700002961000,0x0000700002a61000)]
  0x00007fb332abe800 JavaThread "Tomcat-startStop-1" daemon [_thread_blocked, id=3335, stack(0x000070000285e000,0x000070000295e000)]
  0x00007fb33308d800 JavaThread "Service Thread" daemon [_thread_blocked, id=14339, stack(0x0000700002658000,0x0000700002758000)]
  0x00007fb332804000 JavaThread "C1 CompilerThread2" daemon [_thread_blocked, id=13827, stack(0x0000700002555000,0x0000700002655000)]
  0x00007fb333062800 JavaThread "C2 CompilerThread1" daemon [_thread_in_native, id=17923, stack(0x0000700002452000,0x0000700002552000)]
=>0x00007fb333058000 JavaThread "C2 CompilerThread0" daemon [_thread_in_native, id=18435, stack(0x000070000234f000,0x000070000244f000)]
  0x00007fb33304f800 JavaThread "Signal Dispatcher" daemon [_thread_blocked, id=13315, stack(0x000070000224c000,0x000070000234c000)]
  0x00007fb333048800 JavaThread "Finalizer" daemon [_thread_blocked, id=12035, stack(0x0000700002149000,0x0000700002249000)]
  0x00007fb33280b800 JavaThread "Reference Handler" daemon [_thread_blocked, id=20739, stack(0x0000700002046000,0x0000700002146000)]
  0x00007fb333002800 JavaThread "main" [_thread_in_Java, id=9731, stack(0x0000700001a34000,0x0000700001b34000)]

Other Threads:
  0x00007fb333048000 VMThread [stack: 0x0000700001f43000,0x0000700002043000] [id=20995]
  0x00007fb33280c800 WatcherThread [stack: 0x000070000275b000,0x000070000285b000] [id=17411]

VM state:not at safepoint (normal execution)

VM Mutex/Monitor currently owned by a thread: None

heap address: 0x00000005c0000000, size: 8192 MB, Compressed Oops mode: Zero based, Oop shift amount: 3
Narrow klass base: 0x0000000000000000, Narrow klass shift: 3
Compressed class space size: 1073741824 Address: 0x00000007c0000000

Heap:
 PSYoungGen      total 832512K, used 728581K [0x0000000715580000, 0x000000074ac80000, 0x00000007c0000000)
  eden space 825856K, 87% used [0x0000000715580000,0x00000007416e60c8,0x0000000747c00000)
  from space 6656K, 93% used [0x000000074a600000,0x000000074ac1b338,0x000000074ac80000)
  to   space 11264K, 0% used [0x0000000749680000,0x0000000749680000,0x000000074a180000)
 ParOldGen       total 205824K, used 18641K [0x00000005c0000000, 0x00000005cc900000, 0x0000000715580000)
  object space 205824K, 9% used [0x00000005c0000000,0x00000005c1234630,0x00000005cc900000)
 Metaspace       used 56273K, capacity 58700K, committed 58968K, reserved 1099776K
  class space    used 7501K, capacity 7939K, committed 8064K, reserved 1048576K

Card table byte_map: [0x000000011ab14000,0x000000011bb15000] byte_map_base: 0x0000000117d14000

Marking Bits: (ParMarkBitMap*) 0x000000010a0fbe40
 Begin Bits: [0x000000011bb15000, 0x0000000123b15000)
 End Bits:   [0x0000000123b15000, 0x000000012bb15000)

Polling page: 0x0000000108e7c000

CodeCache: size=245760Kb used=15101Kb max_used=15637Kb free=230658Kb
 bounds [0x000000010bb14000, 0x000000010ca84000, 0x000000011ab14000]
 total_blobs=5042 nmethods=4509 adapters=445
 compilation: enabled

Compilation events (10 events):
Event: 12.277 Thread 0x00007fb333062800 nmethod 5231 0x000000010bded3d0 code [0x000000010bded640, 0x000000010bdee7d8]
Event: 12.277 Thread 0x00007fb333062800 5170       4       java.lang.Class::getDeclaredAnnotations (11 bytes)
Event: 12.293 Thread 0x00007fb333062800 nmethod 5170 0x000000010bcc4710 code [0x000000010bcc4980, 0x000000010bcc54c0]
Event: 12.293 Thread 0x00007fb333062800 5343       4       java.net.URLClassLoader$1::run (5 bytes)
Event: 12.352 Thread 0x00007fb332804000 5356       2       org.springframework.boot.web.servlet.context.WebApplicationContextServletContextAwareProcessor::getServletContext (23 bytes)
Event: 12.353 Thread 0x00007fb332804000 nmethod 5356 0x000000010bcd14d0 code [0x000000010bcd1660, 0x000000010bcd18d8]
Event: 12.353 Thread 0x00007fb332804000 5357       2       org.springframework.boot.context.properties.ConfigurationBeanFactoryMetadata::findFactoryMethod (95 bytes)
Event: 12.354 Thread 0x00007fb332804000 nmethod 5357 0x000000010bde20d0 code [0x000000010bde22a0, 0x000000010bde27e8]
Event: 12.379 Thread 0x00007fb332804000 5358       2       org.springframework.beans.factory.annotation.InitDestroyAnnotationBeanPostProcessor::buildLifecycleMetadata (117 bytes)
Event: 12.380 Thread 0x00007fb332804000 nmethod 5358 0x000000010c0e8dd0 code [0x000000010c0e8fa0, 0x000000010c0e95f8]

GC Heap History (10 events):
Event: 3.793 GC heap before
{Heap before GC invocations=6 (full 1):
 PSYoungGen      total 284672K, used 263168K [0x0000000715580000, 0x0000000728080000, 0x00000007c0000000)
  eden space 263168K, 100% used [0x0000000715580000,0x0000000725680000,0x0000000725680000)
  from space 21504K, 0% used [0x0000000726b80000,0x0000000726b80000,0x0000000728080000)
  to   space 21504K, 0% used [0x0000000725680000,0x0000000725680000,0x0000000726b80000)
 ParOldGen       total 152576K, used 5402K [0x00000005c0000000, 0x00000005c9500000, 0x0000000715580000)
  object space 152576K, 3% used [0x00000005c0000000,0x00000005c0546b80,0x00000005c9500000)
 Metaspace       used 25396K, capacity 26248K, committed 26624K, reserved 1073152K
  class space    used 3239K, capacity 3459K, committed 3584K, reserved 1048576K
Event: 3.800 GC heap after
Heap after GC invocations=6 (full 1):
 PSYoungGen      total 284672K, used 4057K [0x0000000715580000, 0x0000000734080000, 0x00000007c0000000)
  eden space 263168K, 0% used [0x0000000715580000,0x0000000715580000,0x0000000725680000)
  from space 21504K, 18% used [0x0000000725680000,0x0000000725a76738,0x0000000726b80000)
  to   space 7168K, 0% used [0x0000000733980000,0x0000000733980000,0x0000000734080000)
 ParOldGen       total 152576K, used 5474K [0x00000005c0000000, 0x00000005c9500000, 0x0000000715580000)
  object space 152576K, 3% used [0x00000005c0000000,0x00000005c0558b90,0x00000005c9500000)
 Metaspace       used 25396K, capacity 26248K, committed 26624K, reserved 1073152K
  class space    used 3239K, capacity 3459K, committed 3584K, reserved 1048576K
}
Event: 5.440 GC heap before
{Heap before GC invocations=7 (full 1):
 PSYoungGen      total 284672K, used 267225K [0x0000000715580000, 0x0000000734080000, 0x00000007c0000000)
  eden space 263168K, 100% used [0x0000000715580000,0x0000000725680000,0x0000000725680000)
  from space 21504K, 18% used [0x0000000725680000,0x0000000725a76738,0x0000000726b80000)
  to   space 7168K, 0% used [0x0000000733980000,0x0000000733980000,0x0000000734080000)
 ParOldGen       total 152576K, used 5474K [0x00000005c0000000, 0x00000005c9500000, 0x0000000715580000)
  object space 152576K, 3% used [0x00000005c0000000,0x00000005c0558b90,0x00000005c9500000)
 Metaspace       used 29680K, capacity 31100K, committed 31360K, reserved 1077248K
  class space    used 3837K, capacity 4113K, committed 4224K, reserved 1048576K
Event: 5.451 GC heap after
Heap after GC invocations=7 (full 1):
 PSYoungGen      total 486400K, used 7157K [0x0000000715580000, 0x0000000734080000, 0x00000007c0000000)
  eden space 479232K, 0% used [0x0000000715580000,0x0000000715580000,0x0000000732980000)
  from space 7168K, 99% used [0x0000000733980000,0x000000073407d718,0x0000000734080000)
  to   space 8192K, 0% used [0x0000000733080000,0x0000000733080000,0x0000000733880000)
 ParOldGen       total 152576K, used 5906K [0x00000005c0000000, 0x00000005c9500000, 0x0000000715580000)
  object space 152576K, 3% used [0x00000005c0000000,0x00000005c05c4b90,0x00000005c9500000)
 Metaspace       used 29680K, capacity 31100K, committed 31360K, reserved 1077248K
  class space    used 3837K, capacity 4113K, committed 4224K, reserved 1048576K
}
Event: 6.315 GC heap before
{Heap before GC invocations=8 (full 1):
 PSYoungGen      total 486400K, used 174728K [0x0000000715580000, 0x0000000734080000, 0x00000007c0000000)
  eden space 479232K, 34% used [0x0000000715580000,0x000000071f924c90,0x0000000732980000)
  from space 7168K, 99% used [0x0000000733980000,0x000000073407d718,0x0000000734080000)
  to   space 8192K, 0% used [0x0000000733080000,0x0000000733080000,0x0000000733880000)
 ParOldGen       total 152576K, used 5906K [0x00000005c0000000, 0x00000005c9500000, 0x0000000715580000)
  object space 152576K, 3% used [0x00000005c0000000,0x00000005c05c4b90,0x00000005c9500000)
 Metaspace       used 33836K, capacity 35332K, committed 35416K, reserved 1079296K
  class space    used 4371K, capacity 4691K, committed 4736K, reserved 1048576K
Event: 6.330 GC heap after
Heap after GC invocations=8 (full 1):
 PSYoungGen      total 494592K, used 8181K [0x0000000715580000, 0x000000074b200000, 0x00000007c0000000)
  eden space 486400K, 0% used [0x0000000715580000,0x0000000715580000,0x0000000733080000)
  from space 8192K, 99% used [0x0000000733080000,0x000000073387d748,0x0000000733880000)
  to   space 12288K, 0% used [0x000000074a600000,0x000000074a600000,0x000000074b200000)
 ParOldGen       total 152576K, used 11243K [0x00000005c0000000, 0x00000005c9500000, 0x0000000715580000)
  object space 152576K, 7% used [0x00000005c0000000,0x00000005c0afad08,0x00000005c9500000)
 Metaspace       used 33836K, capacity 35332K, committed 35416K, reserved 1079296K
  class space    used 4371K, capacity 4691K, committed 4736K, reserved 1048576K
}
Event: 6.330 GC heap before
{Heap before GC invocations=9 (full 2):
 PSYoungGen      total 494592K, used 8181K [0x0000000715580000, 0x000000074b200000, 0x00000007c0000000)
  eden space 486400K, 0% used [0x0000000715580000,0x0000000715580000,0x0000000733080000)
  from space 8192K, 99% used [0x0000000733080000,0x000000073387d748,0x0000000733880000)
  to   space 12288K, 0% used [0x000000074a600000,0x000000074a600000,0x000000074b200000)
 ParOldGen       total 152576K, used 11243K [0x00000005c0000000, 0x00000005c9500000, 0x0000000715580000)
  object space 152576K, 7% used [0x00000005c0000000,0x00000005c0afad08,0x00000005c9500000)
 Metaspace       used 33836K, capacity 35332K, committed 35416K, reserved 1079296K
  class space    used 4371K, capacity 4691K, committed 4736K, reserved 1048576K
Event: 6.416 GC heap after
Heap after GC invocations=9 (full 2):
 PSYoungGen      total 494592K, used 0K [0x0000000715580000, 0x000000074b200000, 0x00000007c0000000)
  eden space 486400K, 0% used [0x0000000715580000,0x0000000715580000,0x0000000733080000)
  from space 8192K, 0% used [0x0000000733080000,0x0000000733080000,0x0000000733880000)
  to   space 12288K, 0% used [0x000000074a600000,0x000000074a600000,0x000000074b200000)
 ParOldGen       total 205824K, used 18633K [0x00000005c0000000, 0x00000005cc900000, 0x0000000715580000)
  object space 205824K, 9% used [0x00000005c0000000,0x00000005c1232630,0x00000005cc900000)
 Metaspace       used 33836K, capacity 35332K, committed 35416K, reserved 1079296K
  class space    used 4371K, capacity 4691K, committed 4736K, reserved 1048576K
}
Event: 8.822 GC heap before
{Heap before GC invocations=10 (full 2):
 PSYoungGen      total 494592K, used 486400K [0x0000000715580000, 0x000000074b200000, 0x00000007c0000000)
  eden space 486400K, 100% used [0x0000000715580000,0x0000000733080000,0x0000000733080000)
  from space 8192K, 0% used [0x0000000733080000,0x0000000733080000,0x0000000733880000)
  to   space 12288K, 0% used [0x000000074a600000,0x000000074a600000,0x000000074b200000)
 ParOldGen       total 205824K, used 18633K [0x00000005c0000000, 0x00000005cc900000, 0x0000000715580000)
  object space 205824K, 9% used [0x00000005c0000000,0x00000005c1232630,0x00000005cc900000)
 Metaspace       used 46725K, capacity 48424K, committed 48728K, reserved 1091584K
  class space    used 6176K, capacity 6519K, committed 6528K, reserved 1048576K
Event: 8.832 GC heap after
Heap after GC invocations=10 (full 2):
 PSYoungGen      total 832512K, used 6252K [0x0000000715580000, 0x000000074ac80000, 0x00000007c0000000)
  eden space 825856K, 0% used [0x0000000715580000,0x0000000715580000,0x0000000747c00000)
  from space 6656K, 93% used [0x000000074a600000,0x000000074ac1b338,0x000000074ac80000)
  to   space 11264K, 0% used [0x0000000749680000,0x0000000749680000,0x000000074a180000)
 ParOldGen       total 205824K, used 18641K [0x00000005c0000000, 0x00000005cc900000, 0x0000000715580000)
  object space 205824K, 9% used [0x00000005c0000000,0x00000005c1234630,0x00000005cc900000)
 Metaspace       used 46725K, capacity 48424K, committed 48728K, reserved 1091584K
  class space    used 6176K, capacity 6519K, committed 6528K, reserved 1048576K
}

Deoptimization events (10 events):
Event: 10.742 Thread 0x00007fb333002800 Uncommon trap: reason=unstable_if action=reinterpret pc=0x000000010c6cfc84 method=java.util.concurrent.ConcurrentHashMap.putVal(Ljava/lang/Object;Ljava/lang/Object;Z)Ljava/lang/Object; @ 331
Event: 10.743 Thread 0x00007fb333002800 Uncommon trap: reason=unstable_if action=reinterpret pc=0x000000010c213720 method=java.util.concurrent.ConcurrentHashMap.get(Ljava/lang/Object;)Ljava/lang/Object; @ 86
Event: 10.791 Thread 0x00007fb333002800 Uncommon trap: reason=class_check action=maybe_recompile pc=0x000000010c68b3d8 method=java.util.AbstractList$Itr.hasNext()Z @ 8
Event: 10.791 Thread 0x00007fb333002800 Uncommon trap: reason=class_check action=maybe_recompile pc=0x000000010c68b020 method=java.util.AbstractList$Itr.next()Ljava/lang/Object; @ 14
Event: 10.793 Thread 0x00007fb333002800 Uncommon trap: reason=class_check action=maybe_recompile pc=0x000000010c68b3d8 method=java.util.AbstractList$Itr.hasNext()Z @ 8
Event: 10.793 Thread 0x00007fb333002800 Uncommon trap: reason=class_check action=maybe_recompile pc=0x000000010c68b020 method=java.util.AbstractList$Itr.next()Ljava/lang/Object; @ 14
Event: 11.145 Thread 0x00007fb333002800 Uncommon trap: reason=unstable_if action=reinterpret pc=0x000000010bfe10dc method=java.util.concurrent.ConcurrentHashMap.transfer([Ljava/util/concurrent/ConcurrentHashMap$Node;[Ljava/util/concurrent/ConcurrentHashMap$Node;)V @ 356
Event: 11.145 Thread 0x00007fb333002800 Uncommon trap: reason=unstable_if action=reinterpret pc=0x000000010bfea664 method=java.util.concurrent.ConcurrentHashMap.transfer([Ljava/util/concurrent/ConcurrentHashMap$Node;[Ljava/util/concurrent/ConcurrentHashMap$Node;)V @ 356
Event: 11.460 Thread 0x00007fb33484e000 Uncommon trap: reason=unstable_if action=reinterpret pc=0x000000010be01288 method=org.springframework.boot.loader.jar.JarURLConnection.getInputStream()Ljava/io/InputStream; @ 18
Event: 11.759 Thread 0x00007fb333002800 Uncommon trap: reason=unstable_if action=reinterpret pc=0x000000010c08a91c method=java.io.ByteArrayInputStream.read([BII)I @ 63

Classes redefined (0 events):
No events

Internal exceptions (10 events):
Event: 12.393 Thread 0x00007fb333002800 Exception <a 'java/lang/ClassNotFoundException': org/springframework/security/web/context/SecurityContextPersistenceFilterCustomizer> (0x0000000740806cf8) thrown at [/Users/java_re/workspace/8-2-build-macosx-x86_64/jdk8u201/12322/hotspot/src/share/vm/clas
Event: 12.394 Thread 0x00007fb333002800 Exception <a 'java/lang/ClassNotFoundException': javax/servlet/FilterCustomizer> (0x000000074086f608) thrown at [/Users/java_re/workspace/8-2-build-macosx-x86_64/jdk8u201/12322/hotspot/src/share/vm/classfile/systemDictionary.cpp, line 210]
Event: 12.395 Thread 0x00007fb333002800 Exception <a 'java/lang/ClassNotFoundException': org/springframework/beans/factory/BeanNameAwareCustomizer> (0x00000007408e3818) thrown at [/Users/java_re/workspace/8-2-build-macosx-x86_64/jdk8u201/12322/hotspot/src/share/vm/classfile/systemDictionary.cpp
Event: 12.396 Thread 0x00007fb333002800 Exception <a 'java/lang/ClassNotFoundException': org/springframework/context/EnvironmentAwareCustomizer> (0x0000000740954f80) thrown at [/Users/java_re/workspace/8-2-build-macosx-x86_64/jdk8u201/12322/hotspot/src/share/vm/classfile/systemDictionary.cpp, l
Event: 12.398 Thread 0x00007fb333002800 Exception <a 'java/lang/ClassNotFoundException': org/springframework/core/env/EnvironmentCapableCustomizer> (0x00000007409c8c30) thrown at [/Users/java_re/workspace/8-2-build-macosx-x86_64/jdk8u201/12322/hotspot/src/share/vm/classfile/systemDictionary.cpp
Event: 12.399 Thread 0x00007fb333002800 Exception <a 'java/lang/ClassNotFoundException': org/springframework/web/context/ServletContextAwareCustomizer> (0x0000000740a3f528) thrown at [/Users/java_re/workspace/8-2-build-macosx-x86_64/jdk8u201/12322/hotspot/src/share/vm/classfile/systemDictionary
Event: 12.399 Thread 0x00007fb333002800 Exception <a 'java/lang/ClassNotFoundException': org/springframework/beans/factory/InitializingBeanCustomizer> (0x0000000740ab5290) thrown at [/Users/java_re/workspace/8-2-build-macosx-x86_64/jdk8u201/12322/hotspot/src/share/vm/classfile/systemDictionary.
Event: 12.400 Thread 0x00007fb333002800 Exception <a 'java/lang/ClassNotFoundException': org/springframework/beans/factory/DisposableBeanCustomizer> (0x0000000740b28b58) thrown at [/Users/java_re/workspace/8-2-build-macosx-x86_64/jdk8u201/12322/hotspot/src/share/vm/classfile/systemDictionary.cp
Event: 12.402 Thread 0x00007fb333002800 Exception <a 'java/lang/ClassNotFoundException': java/lang/ObjectCustomizer> (0x0000000740b71828) thrown at [/Users/java_re/workspace/8-2-build-macosx-x86_64/jdk8u201/12322/hotspot/src/share/vm/classfile/systemDictionary.cpp, line 210]
Event: 12.404 Thread 0x00007fb333002800 Exception <a 'java/lang/ClassNotFoundException': org/springframework/web/filter/GenericFilterBeanCustomizer> (0x0000000740be8158) thrown at [/Users/java_re/workspace/8-2-build-macosx-x86_64/jdk8u201/12322/hotspot/src/share/vm/classfile/systemDictionary.cp

Events (10 events):
Event: 12.402 loading class org/springframework/web/filter/GenericFilterBeanCustomizer
Event: 12.402 loading class org/springframework/web/filter/GenericFilterBeanCustomizer done
Event: 12.403 loading class org/springframework/web/filter/GenericFilterBeanCustomizer
Event: 12.403 loading class org/springframework/web/filter/GenericFilterBeanCustomizer done
Event: 12.403 loading class org/springframework/web/filter/GenericFilterBeanCustomizer
Event: 12.403 loading class org/springframework/web/filter/GenericFilterBeanCustomizer done
Event: 12.404 loading class org/springframework/security/web/savedrequest/RequestCacheAwareFilterCustomizer
Event: 12.404 loading class org/springframework/security/web/savedrequest/RequestCacheAwareFilterCustomizer done
Event: 12.404 loading class org/springframework/security/web/savedrequest/RequestCacheAwareFilterCustomizer
Event: 12.404 loading class org/springframework/security/web/savedrequest/RequestCacheAwareFilterCustomizer done


Dynamic libraries:
0x00007fff47976000 	/System/Library/Frameworks/Cocoa.framework/Versions/A/Cocoa
0x00007fff53689000 	/System/Library/Frameworks/Security.framework/Versions/A/Security
0x00007fff4660b000 	/System/Library/Frameworks/ApplicationServices.framework/Versions/A/ApplicationServices
0x00007fff73d4d000 	/usr/lib/libz.1.dylib
0x00007fff71406000 	/usr/lib/libSystem.B.dylib
0x00007fff72e80000 	/usr/lib/libobjc.A.dylib
0x00007fff4816c000 	/System/Library/Frameworks/CoreFoundation.framework/Versions/A/CoreFoundation
0x00007fff4a3fe000 	/System/Library/Frameworks/Foundation.framework/Versions/C/Foundation
0x00007fff45804000 	/System/Library/Frameworks/AppKit.framework/Versions/C/AppKit
0x00007fff47cf1000 	/System/Library/Frameworks/CoreData.framework/Versions/A/CoreData
0x00007fff6af55000 	/System/Library/PrivateFrameworks/RemoteViewServices.framework/Versions/A/RemoteViewServices
0x00007fff6f149000 	/System/Library/PrivateFrameworks/UIFoundation.framework/Versions/A/UIFoundation
0x00007fff7082b000 	/System/Library/PrivateFrameworks/XCTTargetBootstrap.framework/Versions/A/XCTTargetBootstrap
0x00007fff65d8d000 	/System/Library/PrivateFrameworks/IconServices.framework/Versions/A/IconServices
0x00007fff4cd1c000 	/System/Library/Frameworks/Metal.framework/Versions/A/Metal
0x00007fff5d318000 	/System/Library/PrivateFrameworks/DesktopServicesPriv.framework/Versions/A/DesktopServicesPriv
0x00007fff721e6000 	/usr/lib/libenergytrace.dylib
0x00007fff6d638000 	/System/Library/PrivateFrameworks/SkyLight.framework/Versions/A/SkyLight
0x00007fff485b2000 	/System/Library/Frameworks/CoreGraphics.framework/Versions/A/CoreGraphics
0x00007fff443ee000 	/System/Library/Frameworks/Accelerate.framework/Versions/A/Accelerate
0x00007fff4ab44000 	/System/Library/Frameworks/IOSurface.framework/Versions/A/IOSurface
0x00007fff5d184000 	/System/Library/PrivateFrameworks/DFRFoundation.framework/Versions/A/DFRFoundation
0x00007fff46aee000 	/System/Library/Frameworks/AudioToolbox.framework/Versions/A/AudioToolbox
0x00007fff46d67000 	/System/Library/Frameworks/AudioUnit.framework/Versions/A/AudioUnit
0x00007fff5d219000 	/System/Library/PrivateFrameworks/DataDetectorsCore.framework/Versions/A/DataDetectorsCore
0x00007fff4747a000 	/System/Library/Frameworks/Carbon.framework/Versions/A/Frameworks/HIToolbox.framework/Versions/A/HIToolbox
0x00007fff7233f000 	/usr/lib/libicucore.A.dylib
0x00007fff52c00000 	/System/Library/Frameworks/QuartzCore.framework/Versions/A/QuartzCore
0x00007fff4784e000 	/System/Library/Frameworks/Carbon.framework/Versions/A/Frameworks/SpeechRecognition.framework/Versions/A/SpeechRecognition
0x00007fff715da000 	/usr/lib/libauto.dylib
0x00007fff73c41000 	/usr/lib/libxml2.2.dylib
0x00007fff5cd64000 	/System/Library/PrivateFrameworks/CoreUI.framework/Versions/A/CoreUI
0x00007fff47bdc000 	/System/Library/Frameworks/CoreAudio.framework/Versions/A/CoreAudio
0x00007fff4a23a000 	/System/Library/Frameworks/DiskArbitration.framework/Versions/A/DiskArbitration
0x00007fff725ec000 	/usr/lib/liblangid.dylib
0x00007fff6718d000 	/System/Library/PrivateFrameworks/MultitouchSupport.framework/Versions/A/MultitouchSupport
0x00007fff4aab3000 	/System/Library/Frameworks/IOKit.framework/Versions/A/IOKit
0x00007fff70fc7000 	/usr/lib/libDiagnosticMessagesClient.dylib
0x00007fff493db000 	/System/Library/Frameworks/CoreServices.framework/Versions/A/CoreServices
0x00007fff68d63000 	/System/Library/PrivateFrameworks/PerformanceAnalysis.framework/Versions/A/PerformanceAnalysis
0x00007fff51df0000 	/System/Library/Frameworks/OpenGL.framework/Versions/A/OpenGL
0x00007fff47984000 	/System/Library/Frameworks/ColorSync.framework/Versions/A/ColorSync
0x00007fff48c60000 	/System/Library/Frameworks/CoreImage.framework/Versions/A/CoreImage
0x00007fff49db4000 	/System/Library/Frameworks/CoreText.framework/Versions/A/CoreText
0x00007fff4aba7000 	/System/Library/Frameworks/ImageIO.framework/Versions/A/ImageIO
0x00007fff593c2000 	/System/Library/PrivateFrameworks/Backup.framework/Versions/A/Backup
0x00007fff714ad000 	/usr/lib/libarchive.2.dylib
0x00007fff470bf000 	/System/Library/Frameworks/CFNetwork.framework/Versions/A/CFNetwork
0x00007fff53de2000 	/System/Library/Frameworks/SystemConfiguration.framework/Versions/A/SystemConfiguration
0x00007fff70ef8000 	/usr/lib/libCRFSuite.dylib
0x00007fff716c9000 	/usr/lib/libc++.1.dylib
0x00007fff7171d000 	/usr/lib/libc++abi.dylib
0x00007fff7453c000 	/usr/lib/system/libcache.dylib
0x00007fff74541000 	/usr/lib/system/libcommonCrypto.dylib
0x00007fff7454c000 	/usr/lib/system/libcompiler_rt.dylib
0x00007fff74554000 	/usr/lib/system/libcopyfile.dylib
0x00007fff7455e000 	/usr/lib/system/libcorecrypto.dylib
0x00007fff74669000 	/usr/lib/system/libdispatch.dylib
0x00007fff746a3000 	/usr/lib/system/libdyld.dylib
0x00007fff746d0000 	/usr/lib/system/libkeymgr.dylib
0x00007fff746de000 	/usr/lib/system/liblaunch.dylib
0x00007fff746df000 	/usr/lib/system/libmacho.dylib
0x00007fff746e5000 	/usr/lib/system/libquarantine.dylib
0x00007fff746e8000 	/usr/lib/system/libremovefile.dylib
0x00007fff746ea000 	/usr/lib/system/libsystem_asl.dylib
0x00007fff74702000 	/usr/lib/system/libsystem_blocks.dylib
0x00007fff74703000 	/usr/lib/system/libsystem_c.dylib
0x00007fff7478b000 	/usr/lib/system/libsystem_configuration.dylib
0x00007fff7478f000 	/usr/lib/system/libsystem_coreservices.dylib
0x00007fff74793000 	/usr/lib/system/libsystem_darwin.dylib
0x00007fff7479a000 	/usr/lib/system/libsystem_dnssd.dylib
0x00007fff747a1000 	/usr/lib/system/libsystem_info.dylib
0x00007fff74816000 	/usr/lib/system/libsystem_m.dylib
0x00007fff74862000 	/usr/lib/system/libsystem_malloc.dylib
0x00007fff74887000 	/usr/lib/system/libsystem_networkextension.dylib
0x00007fff74892000 	/usr/lib/system/libsystem_notify.dylib
0x00007fff748af000 	/usr/lib/system/libsystem_sandbox.dylib
0x00007fff748b3000 	/usr/lib/system/libsystem_secinit.dylib
0x00007fff747ed000 	/usr/lib/system/libsystem_kernel.dylib
0x00007fff7489a000 	/usr/lib/system/libsystem_platform.dylib
0x00007fff748a4000 	/usr/lib/system/libsystem_pthread.dylib
0x00007fff748b6000 	/usr/lib/system/libsystem_symptoms.dylib
0x00007fff748be000 	/usr/lib/system/libsystem_trace.dylib
0x00007fff748d5000 	/usr/lib/system/libunwind.dylib
0x00007fff748db000 	/usr/lib/system/libxpc.dylib
0x00007fff716aa000 	/usr/lib/libbsm.0.dylib
0x00007fff746d1000 	/usr/lib/system/libkxld.dylib
0x00007fff58608000 	/System/Library/PrivateFrameworks/AppleFSCompression.framework/Versions/A/AppleFSCompression
0x00007fff712c6000 	/usr/lib/libOpenScriptingUtil.dylib
0x00007fff719d2000 	/usr/lib/libcoretls.dylib
0x00007fff719e9000 	/usr/lib/libcoretls_cfhelpers.dylib
0x00007fff7361a000 	/usr/lib/libpam.2.dylib
0x00007fff737da000 	/usr/lib/libsqlite3.dylib
0x00007fff73c2f000 	/usr/lib/libxar.1.dylib
0x00007fff716bb000 	/usr/lib/libbz2.1.0.dylib
0x00007fff725ee000 	/usr/lib/liblzma.5.dylib
0x00007fff72a9f000 	/usr/lib/libnetwork.dylib
0x00007fff71496000 	/usr/lib/libapple_nghttp2.dylib
0x00007fff73621000 	/usr/lib/libpcap.A.dylib
0x00007fff4977a000 	/System/Library/Frameworks/CoreServices.framework/Versions/A/Frameworks/FSEvents.framework/Versions/A/FSEvents
0x00007fff49459000 	/System/Library/Frameworks/CoreServices.framework/Versions/A/Frameworks/CarbonCore.framework/Versions/A/CarbonCore
0x00007fff49936000 	/System/Library/Frameworks/CoreServices.framework/Versions/A/Frameworks/Metadata.framework/Versions/A/Metadata
0x00007fff499d5000 	/System/Library/Frameworks/CoreServices.framework/Versions/A/Frameworks/OSServices.framework/Versions/A/OSServices
0x00007fff49a20000 	/System/Library/Frameworks/CoreServices.framework/Versions/A/Frameworks/SearchKit.framework/Versions/A/SearchKit
0x00007fff493dc000 	/System/Library/Frameworks/CoreServices.framework/Versions/A/Frameworks/AE.framework/Versions/A/AE
0x00007fff49783000 	/System/Library/Frameworks/CoreServices.framework/Versions/A/Frameworks/LaunchServices.framework/Versions/A/LaunchServices
0x00007fff49731000 	/System/Library/Frameworks/CoreServices.framework/Versions/A/Frameworks/DictionaryServices.framework/Versions/A/DictionaryServices
0x00007fff49a88000 	/System/Library/Frameworks/CoreServices.framework/Versions/A/Frameworks/SharedFileList.framework/Versions/A/SharedFileList
0x00007fff4ddcb000 	/System/Library/Frameworks/NetFS.framework/Versions/A/NetFS
0x00007fff673f3000 	/System/Library/PrivateFrameworks/NetAuth.framework/Versions/A/NetAuth
0x00007fff70c2f000 	/System/Library/PrivateFrameworks/login.framework/Versions/A/Frameworks/loginsupport.framework/Versions/A/loginsupport
0x00007fff6ed52000 	/System/Library/PrivateFrameworks/TCC.framework/Versions/A/TCC
0x00007fff5c3c3000 	/System/Library/PrivateFrameworks/CoreNLP.framework/Versions/A/CoreNLP
0x00007fff66e8c000 	/System/Library/PrivateFrameworks/MetadataUtilities.framework/Versions/A/MetadataUtilities
0x00007fff726c3000 	/usr/lib/libmecabra.dylib
0x00007fff4660c000 	/System/Library/Frameworks/ApplicationServices.framework/Versions/A/Frameworks/ATS.framework/Versions/A/ATS
0x00007fff4695b000 	/System/Library/Frameworks/ApplicationServices.framework/Versions/A/Frameworks/ColorSyncLegacy.framework/Versions/A/ColorSyncLegacy
0x00007fff469fa000 	/System/Library/Frameworks/ApplicationServices.framework/Versions/A/Frameworks/HIServices.framework/Versions/A/HIServices
0x00007fff46a4d000 	/System/Library/Frameworks/ApplicationServices.framework/Versions/A/Frameworks/LangAnalysis.framework/Versions/A/LangAnalysis
0x00007fff46a5d000 	/System/Library/Frameworks/ApplicationServices.framework/Versions/A/Frameworks/PrintCore.framework/Versions/A/PrintCore
0x00007fff46aa7000 	/System/Library/Frameworks/ApplicationServices.framework/Versions/A/Frameworks/QD.framework/Versions/A/QD
0x00007fff46ae1000 	/System/Library/Frameworks/ApplicationServices.framework/Versions/A/Frameworks/SpeechSynthesis.framework/Versions/A/SpeechSynthesis
0x00007fff71745000 	/usr/lib/libcompression.dylib
0x00007fff48084000 	/System/Library/Frameworks/CoreDisplay.framework/Versions/A/CoreDisplay
0x00007fff4cfd3000 	/System/Library/Frameworks/MetalPerformanceShaders.framework/Versions/A/MetalPerformanceShaders
0x00007fff44406000 	/System/Library/Frameworks/Accelerate.framework/Versions/A/Frameworks/vImage.framework/Versions/A/vImage
0x00007fff45662000 	/System/Library/Frameworks/Accelerate.framework/Versions/A/Frameworks/vecLib.framework/Versions/A/vecLib
0x00007fff454ed000 	/System/Library/Frameworks/Accelerate.framework/Versions/A/Frameworks/vecLib.framework/Versions/A/libvMisc.dylib
0x00007fff4534c000 	/System/Library/Frameworks/Accelerate.framework/Versions/A/Frameworks/vecLib.framework/Versions/A/libvDSP.dylib
0x00007fff44cfb000 	/System/Library/Frameworks/Accelerate.framework/Versions/A/Frameworks/vecLib.framework/Versions/A/libBLAS.dylib
0x00007fff44ee7000 	/System/Library/Frameworks/Accelerate.framework/Versions/A/Frameworks/vecLib.framework/Versions/A/libLAPACK.dylib
0x00007fff452a0000 	/System/Library/Frameworks/Accelerate.framework/Versions/A/Frameworks/vecLib.framework/Versions/A/libLinearAlgebra.dylib
0x00007fff45339000 	/System/Library/Frameworks/Accelerate.framework/Versions/A/Frameworks/vecLib.framework/Versions/A/libSparseBLAS.dylib
0x00007fff452b6000 	/System/Library/Frameworks/Accelerate.framework/Versions/A/Frameworks/vecLib.framework/Versions/A/libQuadrature.dylib
0x00007fff44ea2000 	/System/Library/Frameworks/Accelerate.framework/Versions/A/Frameworks/vecLib.framework/Versions/A/libBNNS.dylib
0x00007fff452bc000 	/System/Library/Frameworks/Accelerate.framework/Versions/A/Frameworks/vecLib.framework/Versions/A/libSparse.dylib
0x00007fff636fe000 	/System/Library/PrivateFrameworks/GPUWrangler.framework/Versions/A/GPUWrangler
0x00007fff659c2000 	/System/Library/PrivateFrameworks/IOAccelerator.framework/Versions/A/IOAccelerator
0x00007fff659cd000 	/System/Library/PrivateFrameworks/IOPresentment.framework/Versions/A/IOPresentment
0x00007fff5d194000 	/System/Library/PrivateFrameworks/DSExternalDisplay.framework/Versions/A/DSExternalDisplay
0x00007fff51247000 	/System/Library/Frameworks/OpenGL.framework/Versions/A/Libraries/libCoreFSCache.dylib
0x00007fff4cdc7000 	/System/Library/Frameworks/MetalPerformanceShaders.framework/Frameworks/MPSCore.framework/Versions/A/MPSCore
0x00007fff4cde7000 	/System/Library/Frameworks/MetalPerformanceShaders.framework/Frameworks/MPSImage.framework/Versions/A/MPSImage
0x00007fff4ce8c000 	/System/Library/Frameworks/MetalPerformanceShaders.framework/Frameworks/MPSNeuralNetwork.framework/Versions/A/MPSNeuralNetwork
0x00007fff4ce64000 	/System/Library/Frameworks/MetalPerformanceShaders.framework/Frameworks/MPSMatrix.framework/Versions/A/MPSMatrix
0x00007fff4cfb8000 	/System/Library/Frameworks/MetalPerformanceShaders.framework/Frameworks/MPSRayIntersector.framework/Versions/A/MPSRayIntersector
0x00007fff66eb5000 	/System/Library/PrivateFrameworks/MetalTools.framework/Versions/A/MetalTools
0x00007fff57d09000 	/System/Library/PrivateFrameworks/AggregateDictionary.framework/Versions/A/AggregateDictionary
0x00007fff712a7000 	/usr/lib/libMobileGestalt.dylib
0x00007fff49f17000 	/System/Library/Frameworks/CoreVideo.framework/Versions/A/CoreVideo
0x00007fff64508000 	/System/Library/PrivateFrameworks/GraphVisualizer.framework/Versions/A/GraphVisualizer
0x00007fff5e38e000 	/System/Library/PrivateFrameworks/FaceCore.framework/Versions/A/FaceCore
0x00007fff50875000 	/System/Library/Frameworks/OpenCL.framework/Versions/A/OpenCL
0x00007fff70fff000 	/usr/lib/libFosl_dynamic.dylib
0x00007fff67c5e000 	/System/Library/PrivateFrameworks/OTSVG.framework/Versions/A/OTSVG
0x00007fff46710000 	/System/Library/Frameworks/ApplicationServices.framework/Versions/A/Frameworks/ATS.framework/Versions/A/Resources/libFontParser.dylib
0x00007fff46828000 	/System/Library/Frameworks/ApplicationServices.framework/Versions/A/Frameworks/ATS.framework/Versions/A/Resources/libFontRegistry.dylib
0x00007fff4ae19000 	/System/Library/Frameworks/ImageIO.framework/Versions/A/Resources/libJPEG.dylib
0x00007fff4b12c000 	/System/Library/Frameworks/ImageIO.framework/Versions/A/Resources/libTIFF.dylib
0x00007fff4b102000 	/System/Library/Frameworks/ImageIO.framework/Versions/A/Resources/libPng.dylib
0x00007fff4ad36000 	/System/Library/Frameworks/ImageIO.framework/Versions/A/Resources/libGIF.dylib
0x00007fff4ad3b000 	/System/Library/Frameworks/ImageIO.framework/Versions/A/Resources/libJP2.dylib
0x00007fff4b129000 	/System/Library/Frameworks/ImageIO.framework/Versions/A/Resources/libRadiance.dylib
0x00007fff5875d000 	/System/Library/PrivateFrameworks/AppleJPEG.framework/Versions/A/AppleJPEG
0x00007fff51252000 	/System/Library/Frameworks/OpenGL.framework/Versions/A/Libraries/libGFXShared.dylib
0x00007fff51415000 	/System/Library/Frameworks/OpenGL.framework/Versions/A/Libraries/libGLU.dylib
0x00007fff5125b000 	/System/Library/Frameworks/OpenGL.framework/Versions/A/Libraries/libGL.dylib
0x00007fff51267000 	/System/Library/Frameworks/OpenGL.framework/Versions/A/Libraries/libGLImage.dylib
0x00007fff51244000 	/System/Library/Frameworks/OpenGL.framework/Versions/A/Libraries/libCVMSPluginSupport.dylib
0x00007fff5124d000 	/System/Library/Frameworks/OpenGL.framework/Versions/A/Libraries/libCoreVMClient.dylib
0x00007fff7205c000 	/usr/lib/libcups.2.dylib
0x00007fff4c2ef000 	/System/Library/Frameworks/Kerberos.framework/Versions/A/Kerberos
0x00007fff4a81a000 	/System/Library/Frameworks/GSS.framework/Versions/A/GSS
0x00007fff7376f000 	/usr/lib/libresolv.9.dylib
0x00007fff7224e000 	/usr/lib/libiconv.2.dylib
0x00007fff64664000 	/System/Library/PrivateFrameworks/Heimdal.framework/Versions/A/Heimdal
0x00007fff7221e000 	/usr/lib/libheimdal-asn1.dylib
0x00007fff508e9000 	/System/Library/Frameworks/OpenDirectory.framework/Versions/A/OpenDirectory
0x00007fff5b12a000 	/System/Library/PrivateFrameworks/CommonAuth.framework/Versions/A/CommonAuth
0x00007fff508cd000 	/System/Library/Frameworks/OpenDirectory.framework/Versions/A/Frameworks/CFOpenDirectory.framework/Versions/A/CFOpenDirectory
0x00007fff53988000 	/System/Library/Frameworks/SecurityFoundation.framework/Versions/A/SecurityFoundation
0x00007fff57264000 	/System/Library/PrivateFrameworks/APFS.framework/Versions/A/APFS
0x00007fff73c2b000 	/usr/lib/libutil.dylib
0x00007fff71733000 	/usr/lib/libcharset.1.dylib
0x00007fff589fa000 	/System/Library/PrivateFrameworks/AppleSauce.framework/Versions/A/AppleSauce
0x00007fff58b7b000 	/System/Library/PrivateFrameworks/AssertionServices.framework/Versions/A/AssertionServices
0x00007fff59458000 	/System/Library/PrivateFrameworks/BaseBoard.framework/Versions/A/BaseBoard
0x00007fff7261e000 	/usr/lib/libmecab.1.0.0.dylib
0x00007fff72218000 	/usr/lib/libgermantok.dylib
0x00007fff71483000 	/usr/lib/libThaiTokenizer.dylib
0x00007fff70f2f000 	/usr/lib/libChineseTokenizer.dylib
0x00007fff66079000 	/System/Library/PrivateFrameworks/LanguageModeling.framework/Versions/A/LanguageModeling
0x00007fff5be09000 	/System/Library/PrivateFrameworks/CoreEmoji.framework/Versions/A/CoreEmoji
0x00007fff66155000 	/System/Library/PrivateFrameworks/Lexicon.framework/Versions/A/Lexicon
0x00007fff66198000 	/System/Library/PrivateFrameworks/LinguisticData.framework/Versions/A/LinguisticData
0x00007fff71734000 	/usr/lib/libcmph.dylib
0x00007fff53a46000 	/System/Library/Frameworks/ServiceManagement.framework/Versions/A/ServiceManagement
0x00007fff593b9000 	/System/Library/PrivateFrameworks/BackgroundTaskManagement.framework/Versions/A/BackgroundTaskManagement
0x00007fff73d24000 	/usr/lib/libxslt.1.dylib
0x00007fff4777b000 	/System/Library/Frameworks/Carbon.framework/Versions/A/Frameworks/Ink.framework/Versions/A/Ink
0x00007fff6efc4000 	/System/Library/PrivateFrameworks/TextureIO.framework/Versions/A/TextureIO
0x00007fff714d7000 	/usr/lib/libate.dylib
0x00007fff5d0e4000 	/System/Library/PrivateFrameworks/CrashReporterSupport.framework/Versions/A/CrashReporterSupport
0x00007fff6c776000 	/System/Library/PrivateFrameworks/Sharing.framework/Versions/A/Sharing
0x00007fff58f5a000 	/System/Library/PrivateFrameworks/AuthKit.framework/Versions/A/AuthKit
0x00007fff58304000 	/System/Library/PrivateFrameworks/Apple80211.framework/Versions/A/Apple80211
0x00007fff5ce90000 	/System/Library/PrivateFrameworks/CoreUtils.framework/Versions/A/CoreUtils
0x00007fff49f55000 	/System/Library/Frameworks/CoreWLAN.framework/Versions/A/CoreWLAN
0x00007fff4a949000 	/System/Library/Frameworks/IOBluetooth.framework/Versions/A/IOBluetooth
0x00007fff6ac02000 	/System/Library/PrivateFrameworks/ProtocolBuffer.framework/Versions/A/ProtocolBuffer
0x00007fff670eb000 	/System/Library/PrivateFrameworks/MobileKeyBag.framework/Versions/A/MobileKeyBag
0x00007fff5c6d6000 	/System/Library/PrivateFrameworks/CorePhoneNumbers.framework/Versions/A/CorePhoneNumbers
0x00007fff58711000 	/System/Library/PrivateFrameworks/AppleIDAuthSupport.framework/Versions/A/AppleIDAuthSupport
0x00007fff6604c000 	/System/Library/PrivateFrameworks/KeychainCircle.framework/Versions/A/KeychainCircle
0x00007fff6adb8000 	/System/Library/PrivateFrameworks/ROCKit.framework/Versions/A/ROCKit
0x00007fff5d080000 	/System/Library/PrivateFrameworks/CoreWiFi.framework/Versions/A/CoreWiFi
0x00007fff47cc6000 	/System/Library/Frameworks/CoreBluetooth.framework/Versions/A/CoreBluetooth
0x00007fff5d2da000 	/System/Library/PrivateFrameworks/DebugSymbols.framework/Versions/A/DebugSymbols
0x00007fff5cc51000 	/System/Library/PrivateFrameworks/CoreSymbolication.framework/Versions/A/CoreSymbolication
0x00007fff6e7e0000 	/System/Library/PrivateFrameworks/Symbolication.framework/Versions/A/Symbolication
0x00007fff6e083000 	/System/Library/PrivateFrameworks/SpeechRecognitionCore.framework/Versions/A/SpeechRecognitionCore
0x0000000109800000 	/Library/Java/JavaVirtualMachines/jdk1.8.0_201.jdk/Contents/Home/jre/lib/server/libjvm.dylib
0x00007fff73afc000 	/usr/lib/libstdc++.6.dylib
0x0000000108e38000 	/Library/Java/JavaVirtualMachines/jdk1.8.0_201.jdk/Contents/Home/jre/lib/libverify.dylib
0x0000000108e46000 	/Library/Java/JavaVirtualMachines/jdk1.8.0_201.jdk/Contents/Home/jre/lib/libjava.dylib
0x0000000108ec6000 	/Library/Java/JavaVirtualMachines/jdk1.8.0_201.jdk/Contents/Home/jre/lib/libzip.dylib
0x000000012e17e000 	/Library/Java/JavaVirtualMachines/jdk1.8.0_201.jdk/Contents/Home/jre/lib/libmanagement.dylib
0x000000012e300000 	/Library/Java/JavaVirtualMachines/jdk1.8.0_201.jdk/Contents/Home/jre/lib/libnet.dylib
0x000000012e2e2000 	/Library/Java/JavaVirtualMachines/jdk1.8.0_201.jdk/Contents/Home/jre/lib/libnio.dylib

VM Arguments:
java_command: target/proshare-0.0.1-SNAPSHOT.jar
java_class_path (initial): target/proshare-0.0.1-SNAPSHOT.jar
Launcher Type: SUN_STANDARD

Environment Variables:
PATH=/Library/Frameworks/Python.framework/Versions/2.7/bin:/Developer/NVIDIA/CUDA-10.1/bin:/Library/Frameworks/Python.framework/Versions/2.7/bin:/Users/hxs1943/anaconda3/bin:/Users/hxs1943/anaconda3/condabin:/Users/hxs1943/anaconda3/bin:/usr/local/bin:/usr/bin:/bin:/usr/sbin:/sbin:/Library/TeX/texbin:/usr/local/munki:/opt/X11/bin:/Users/hxs1943/torch/install/bin
SHELL=/bin/bash
DISPLAY=/private/tmp/com.apple.launchd.9zHFMdCjTi/org.macosforge.xquartz:0

Signal Handlers:
SIGSEGV: [libjvm.dylib+0x5b723d], sa_mask[0]=11111111011111110111111111111111, sa_flags=SA_ONSTACK|SA_RESTART|SA_SIGINFO
SIGBUS: [libjvm.dylib+0x5b723d], sa_mask[0]=11111111011111110111111111111111, sa_flags=SA_RESTART|SA_SIGINFO
SIGFPE: [libjvm.dylib+0x48c9bc], sa_mask[0]=11111111011111110111111111111111, sa_flags=SA_RESTART|SA_SIGINFO
SIGPIPE: [libjvm.dylib+0x48c9bc], sa_mask[0]=11111111011111110111111111111111, sa_flags=SA_RESTART|SA_SIGINFO
SIGXFSZ: [libjvm.dylib+0x48c9bc], sa_mask[0]=11111111011111110111111111111111, sa_flags=SA_RESTART|SA_SIGINFO
SIGILL: [libjvm.dylib+0x48c9bc], sa_mask[0]=11111111011111110111111111111111, sa_flags=SA_RESTART|SA_SIGINFO
SIGUSR1: SIG_DFL, sa_mask[0]=11011111011111100000000111000110, sa_flags=none
SIGUSR2: [libjvm.dylib+0x48c4da], sa_mask[0]=00100000000000000000000000000000, sa_flags=SA_RESTART|SA_SIGINFO
SIGHUP: [libjvm.dylib+0x48aa65], sa_mask[0]=11111111011111110111111111111111, sa_flags=SA_RESTART|SA_SIGINFO
SIGINT: [libjvm.dylib+0x48aa65], sa_mask[0]=11111111011111110111111111111111, sa_flags=SA_RESTART|SA_SIGINFO
SIGTERM: [libjvm.dylib+0x48aa65], sa_mask[0]=11111111011111110111111111111111, sa_flags=SA_RESTART|SA_SIGINFO
SIGQUIT: [libjvm.dylib+0x48aa65], sa_mask[0]=11111111011111110111111111111111, sa_flags=SA_RESTART|SA_SIGINFO


---------------  S Y S T E M  ---------------

OS:Bsduname:Darwin 18.5.0 Darwin Kernel Version 18.5.0: Mon Mar 11 20:40:32 PDT 2019; root:xnu-4903.251.3~3/RELEASE_X86_64 x86_64
rlimit: STACK 8192k, CORE 0k, NPROC 2837, NOFILE 10240, AS infinity
load average:19.37 8.87 8.67

CPU:total 4 (initial active 4) (4 cores per cpu, 1 threads per core) family 6 model 58 stepping 9, cmov, cx8, fxsr, mmx, sse, sse2, sse3, ssse3, sse4.1, sse4.2, popcnt, avx, aes, clmul, erms, tsc, tscinvbit, tscinv

Memory: 4k page, physical 33554432k(158960k free)

/proc/meminfo:


vm_info: Java HotSpot(TM) 64-Bit Server VM (25.201-b09) for bsd-amd64 JRE (1.8.0_201-b09), built on Dec 15 2018 18:35:23 by "java_re" with gcc 4.2.1 (Based on Apple Inc. build 5658) (LLVM build 2336.11.00)

time: Sun Aug  4 15:24:22 2019
timezone: EDT
elapsed time: 12 seconds (0d 0h 0m 12s)

