#
# A fatal error has been detected by the Java Runtime Environment:
#
#  SIGSEGV (0xb) at pc=0x000000010269f082, pid=57485, tid=0x0000000000002a03
#
# JRE version: Java(TM) SE Runtime Environment (8.0_201-b09) (build 1.8.0_201-b09)
# Java VM: Java HotSpot(TM) 64-Bit Server VM (25.201-b09 mixed mode bsd-amd64 compressed oops)
# Problematic frame:
# V  [libjvm.dylib+0x2c6082]
#
# Failed to write core dump. Core dumps have been disabled. To enable core dumping, try "ulimit -c unlimited" before starting Java again
#
# If you would like to submit a bug report, please visit:
#   http://bugreport.java.com/bugreport/crash.jsp
#

---------------  T H R E A D  ---------------

Current thread (0x00007fb338004800):  GCTaskThread [stack: 0x0000700004330000,0x0000700004430000] [id=10755]

siginfo: si_signo: 11 (SIGSEGV), si_code: 0 (unknown), si_addr: 0x0000000000000000

Registers:
RAX=0x00000001141fe000, RBX=0x00007fb336418120, RCX=0x03ffffffe9002000, RDX=0x1fffffff48010000
RSP=0x000070000442fc70, RBP=0x000070000442fc90, RSI=0x00000005c13f4a30, RDI=0x00007fb336418120
R8 =0x0000000000000027, R9 =0x000000000000af7b, R10=0x0002000200004101, R11=0x0000000000000800
R12=0x00000005c13f4a30, R13=0x00000005c13f4a40, R14=0x0000000000080000, R15=0x00000007c00091f0
RIP=0x000000010269f082, EFLAGS=0x0000000000010206, ERR=0x0000000000000000
  TRAPNO=0x000000000000000d

Top of Stack: (sp=0x000070000442fc70)
0x000070000442fc70:   00007fb336418120 00007fb336418120
0x000070000442fc80:   00000007c00091e8 00000007c00091f0
0x000070000442fc90:   000070000442fce0 000000010269bdd9
0x000070000442fca0:   00007fb336418120 00000005c13f49e8
0x000070000442fcb0:   0000000000000000 00007fb336418120
0x000070000442fcc0:   00000005c13f49e8 0000000102c20f60
0x000070000442fcd0:   00007fb336418128 0000000102c20f60
0x000070000442fce0:   000070000442fd70 0000000102899e0c
0x000070000442fcf0:   000070000442fd30 00007fb336418160
0x000070000442fd00:   00007fb3364181a8 00007fb3364181e0
0x000070000442fd10:   00000007c0005d20 00000007c0005d28
0x000070000442fd20:   00000005c13f49e8 000000010269bdd9
0x000070000442fd30:   00000005c13ef11c 00000005c13ef108
0x000070000442fd40:   00001f7300000927 0000000000000001
0x000070000442fd50:   000070000442fda0 0000000102c20f60
0x000070000442fd60:   00007fb336418120 000070000442fd8c
0x000070000442fd70:   000070000442fdd0 000000010288c4e3
0x000070000442fd80:   00007fb339af4d30 3476d27402651dff
0x000070000442fd90:   00000005c17b7370 0000000000000200
0x000070000442fda0:   00000005c13ef108 00007fb338004800
0x000070000442fdb0:   0000000000000000 00000001029f2486
0x000070000442fdc0:   00007fb339af4d30 0000000000000001
0x000070000442fdd0:   000070000442feb0 0000000102652377
0x000070000442fde0:   000070000442fe10 00007fb3367054c0
0x000070000442fdf0:   00007fb3367054f0 00007fb336705500
0x000070000442fe00:   00007fb3367058d8 00000000000003d8
0x000070000442fe10:   00007fb338004800 00007fb3367058e0
0x000070000442fe20:   00007fb336705920 00007fb336705930
0x000070000442fe30:   00007fb336705a08 00000000000000d8
0x000070000442fe40:   000070000442fe50 0000000000000000
0x000070000442fe50:   00007fb338004800 00007fb3367058e0
0x000070000442fe60:   00007fb336705920 00007fb336705930 

Instructions: (pc=0x000000010269f082)
0x000000010269f062:   10 48 c1 ea 03 48 8d 0d 3a 64 56 00 8a 09 48 d3
0x000000010269f072:   ea 48 89 d1 48 83 e1 c0 48 c1 e9 03 48 8b 40 30
0x000000010269f082:   48 8b 04 08 48 0f a3 d0 72 5d 4c 89 f7 e8 bc 4f
0x000000010269f092:   ee ff 4c 63 f8 48 8d 3d a2 5d 63 00 4c 89 f6 4c 

Register to memory mapping:

RAX=0x00000001141fe000 is an unknown value
RBX=0x00007fb336418120 is an unknown value
RCX=0x03ffffffe9002000 is an unknown value
RDX=0x1fffffff48010000 is an unknown value
RSP=0x000070000442fc70 is an unknown value
RBP=0x000070000442fc90 is an unknown value
RSI=0x00000005c13f4a30 is pointing into object: 0x00000005c13f49e8
java.lang.reflect.Method 
 - klass: 'java/lang/reflect/Method'
RDI=0x00007fb336418120 is an unknown value
R8 =0x0000000000000027 is an unknown value
R9 =0x000000000000af7b is an unknown value
R10=0x0002000200004101 is an unknown value
R11=0x0000000000000800 is an unknown value
R12=0x00000005c13f4a30 is pointing into object: 0x00000005c13f49e8
java.lang.reflect.Method 
 - klass: 'java/lang/reflect/Method'
R13=0x00000005c13f4a40 is an oop
[Ljava.lang.Class; 
 - klass: 'java/lang/Class'[]
 - length: 1
R14=0x0000000000080000 is an unknown value
R15=0x00000007c00091f0 is pointing into metadata


Stack: [0x0000700004330000,0x0000700004430000],  sp=0x000070000442fc70,  free space=1023k
Native frames: (J=compiled Java code, j=interpreted, Vv=VM code, C=native code)
V  [libjvm.dylib+0x2c6082]
V  [libjvm.dylib+0x2c2dd9]
V  [libjvm.dylib+0x4c0e0c]
V  [libjvm.dylib+0x4b34e3]
V  [libjvm.dylib+0x279377]
V  [libjvm.dylib+0x48f3ca]
C  [libsystem_pthread.dylib+0x32eb]  _pthread_body+0x7e
C  [libsystem_pthread.dylib+0x6249]  _pthread_start+0x42
C  [libsystem_pthread.dylib+0x240d]  thread_start+0xd


---------------  P R O C E S S  ---------------

Java Threads: ( => current thread )
  0x00007fb338929800 JavaThread "HikariPool-1 housekeeper" daemon [_thread_blocked, id=16643, stack(0x0000700005463000,0x0000700005563000)]
  0x00007fb33893c800 JavaThread "Abandoned connection cleanup thread" daemon [_thread_blocked, id=17155, stack(0x0000700005360000,0x0000700005460000)]
  0x00007fb337b42800 JavaThread "container-0" [_thread_blocked, id=17411, stack(0x000070000525d000,0x000070000535d000)]
  0x00007fb336cf1000 JavaThread "ContainerBackgroundProcessor[StandardEngine[Tomcat]]" daemon [_thread_blocked, id=15879, stack(0x000070000515a000,0x000070000525a000)]
  0x00007fb3389b7800 JavaThread "localhost-startStop-1" daemon [_thread_blocked, id=17927, stack(0x0000700005057000,0x0000700005157000)]
  0x00007fb3388de000 JavaThread "Tomcat-startStop-1" daemon [_thread_blocked, id=4615, stack(0x0000700004f54000,0x0000700005054000)]
  0x00007fb33701d800 JavaThread "Service Thread" daemon [_thread_blocked, id=18435, stack(0x0000700004d4e000,0x0000700004e4e000)]
  0x00007fb336844000 JavaThread "C1 CompilerThread2" daemon [_thread_blocked, id=14595, stack(0x0000700004c4b000,0x0000700004d4b000)]
  0x00007fb338018800 JavaThread "C2 CompilerThread1" daemon [_thread_blocked, id=18691, stack(0x0000700004b48000,0x0000700004c48000)]
  0x00007fb338015000 JavaThread "C2 CompilerThread0" daemon [_thread_in_native, id=14083, stack(0x0000700004a45000,0x0000700004b45000)]
  0x00007fb338013800 JavaThread "Signal Dispatcher" daemon [_thread_blocked, id=19203, stack(0x0000700004942000,0x0000700004a42000)]
  0x00007fb337805800 JavaThread "Finalizer" daemon [_thread_blocked, id=12291, stack(0x000070000483f000,0x000070000493f000)]
  0x00007fb33800b800 JavaThread "Reference Handler" daemon [_thread_blocked, id=20739, stack(0x000070000473c000,0x000070000483c000)]
  0x00007fb337002800 JavaThread "main" [_thread_blocked, id=6147, stack(0x000070000412a000,0x000070000422a000)]

Other Threads:
  0x00007fb336842800 VMThread [stack: 0x0000700004639000,0x0000700004739000] [id=21251]
  0x00007fb336860000 WatcherThread [stack: 0x0000700004e51000,0x0000700004f51000] [id=15107]

=>0x00007fb338004800 (exited) GCTaskThread [stack: 0x0000700004330000,0x0000700004430000] [id=10755]

VM state:at safepoint (normal execution)

VM Mutex/Monitor currently owned by a thread:  ([mutex/lock_event])
[0x00007fb336502f50] Threads_lock - owner thread: 0x00007fb336842800
[0x00007fb336503450] Heap_lock - owner thread: 0x00007fb337002800

heap address: 0x00000005c0000000, size: 8192 MB, Compressed Oops mode: Zero based, Oop shift amount: 3
Narrow klass base: 0x0000000000000000, Narrow klass shift: 3
Compressed class space size: 1073741824 Address: 0x00000007c0000000

Heap:
 PSYoungGen      total 619520K, used 9328K [0x0000000715580000, 0x0000000741300000, 0x00000007c0000000)
  eden space 604672K, 0% used [0x0000000715580000,0x0000000715580000,0x000000073a400000)
  from space 14848K, 62% used [0x000000073b280000,0x000000073bb9c050,0x000000073c100000)
  to   space 14848K, 0% used [0x000000073a400000,0x000000073a400000,0x000000073b280000)
 ParOldGen       total 250880K, used 25340K [0x00000005c0000000, 0x00000005cf500000, 0x0000000715580000)
  object space 250880K, 10% used [0x00000005c0000000,0x00000005c18bf3b0,0x00000005cf500000)
 Metaspace       used 56522K, capacity 58943K, committed 59160K, reserved 1099776K
  class space    used 7542K, capacity 7976K, committed 7976K, reserved 1048576K

Card table byte_map: [0x0000000112752000,0x0000000113753000] byte_map_base: 0x000000010f952000

Marking Bits: (ParMarkBitMap*) 0x0000000102cd4e40
 Begin Bits: [0x00000001141fe000, 0x000000011c1fe000)
 End Bits:   [0x000000011c1fe000, 0x00000001241fe000)

Polling page: 0x00000001016f1000

CodeCache: size=245760Kb used=15403Kb max_used=15742Kb free=230356Kb
 bounds [0x0000000103392000, 0x0000000104312000, 0x0000000112392000]
 total_blobs=5064 nmethods=4530 adapters=446
 compilation: enabled

Compilation events (10 events):
Event: 14.158 Thread 0x00007fb336844000 5404       2       org.springframework.jmx.support.JmxUtils::getMXBeanInterface (63 bytes)
Event: 14.159 Thread 0x00007fb336844000 nmethod 5404 0x000000010383a5d0 code [0x000000010383a780, 0x000000010383aa28]
Event: 14.159 Thread 0x00007fb336844000 5402       2       javax.management.JMX::isMXBeanInterface (58 bytes)
Event: 14.159 Thread 0x00007fb336844000 nmethod 5402 0x00000001036e5790 code [0x00000001036e5960, 0x00000001036e5d08]
Event: 14.160 Thread 0x00007fb336844000 5405       2       org.springframework.jmx.export.MBeanExporter::isExcluded (49 bytes)
Event: 14.161 Thread 0x00007fb336844000 nmethod 5405 0x0000000103ed4010 code [0x0000000103ed41a0, 0x0000000103ed4418]
Event: 14.161 Thread 0x00007fb336844000 5406       2       org.springframework.jmx.export.MBeanExporter::isBeanDefinitionAbstract (41 bytes)
Event: 14.161 Thread 0x00007fb336844000 nmethod 5406 0x00000001036e51d0 code [0x00000001036e5360, 0x00000001036e5648]
Event: 14.170 Thread 0x00007fb336844000 5407       2       javax.management.ImmutableDescriptor::union (337 bytes)
Event: 14.172 Thread 0x00007fb336844000 nmethod 5407 0x0000000103a4e3d0 code [0x0000000103a4e6c0, 0x0000000103a4f5a8]

GC Heap History (10 events):
Event: 6.007 GC heap after
Heap after GC invocations=10 (full 2):
 PSYoungGen      total 383488K, used 0K [0x0000000715580000, 0x000000072dd00000, 0x00000007c0000000)
  eden space 375296K, 0% used [0x0000000715580000,0x0000000715580000,0x000000072c400000)
  from space 8192K, 0% used [0x000000072cf80000,0x000000072cf80000,0x000000072d780000)
  to   space 11776K, 0% used [0x000000072c400000,0x000000072c400000,0x000000072cf80000)
 ParOldGen       total 250880K, used 18621K [0x00000005c0000000, 0x00000005cf500000, 0x0000000715580000)
  object space 250880K, 7% used [0x00000005c0000000,0x00000005c122f7e0,0x00000005cf500000)
 Metaspace       used 33814K, capacity 35336K, committed 35496K, reserved 1079296K
  class space    used 4371K, capacity 4691K, committed 4776K, reserved 1048576K
}
Event: 8.729 GC heap before
{Heap before GC invocations=11 (full 2):
 PSYoungGen      total 383488K, used 375296K [0x0000000715580000, 0x000000072dd00000, 0x00000007c0000000)
  eden space 375296K, 100% used [0x0000000715580000,0x000000072c400000,0x000000072c400000)
  from space 8192K, 0% used [0x000000072cf80000,0x000000072cf80000,0x000000072d780000)
  to   space 11776K, 0% used [0x000000072c400000,0x000000072c400000,0x000000072cf80000)
 ParOldGen       total 250880K, used 18621K [0x00000005c0000000, 0x00000005cf500000, 0x0000000715580000)
  object space 250880K, 7% used [0x00000005c0000000,0x00000005c122f7e0,0x00000005cf500000)
 Metaspace       used 43358K, capacity 44982K, committed 45224K, reserved 1089536K
  class space    used 5708K, capacity 6016K, committed 6056K, reserved 1048576K
Event: 8.740 GC heap after
Heap after GC invocations=11 (full 2):
 PSYoungGen      total 387072K, used 5277K [0x0000000715580000, 0x0000000734600000, 0x00000007c0000000)
  eden space 375296K, 0% used [0x0000000715580000,0x0000000715580000,0x000000072c400000)
  from space 11776K, 44% used [0x000000072c400000,0x000000072c927438,0x000000072cf80000)
  to   space 11264K, 0% used [0x0000000733b00000,0x0000000733b00000,0x0000000734600000)
 ParOldGen       total 250880K, used 18637K [0x00000005c0000000, 0x00000005cf500000, 0x0000000715580000)
  object space 250880K, 7% used [0x00000005c0000000,0x00000005c12337f0,0x00000005cf500000)
 Metaspace       used 43358K, capacity 44982K, committed 45224K, reserved 1089536K
  class space    used 5708K, capacity 6016K, committed 6056K, reserved 1048576K
}
Event: 10.934 GC heap before
{Heap before GC invocations=12 (full 2):
 PSYoungGen      total 387072K, used 380573K [0x0000000715580000, 0x0000000734600000, 0x00000007c0000000)
  eden space 375296K, 100% used [0x0000000715580000,0x000000072c400000,0x000000072c400000)
  from space 11776K, 44% used [0x000000072c400000,0x000000072c927438,0x000000072cf80000)
  to   space 11264K, 0% used [0x0000000733b00000,0x0000000733b00000,0x0000000734600000)
 ParOldGen       total 250880K, used 18637K [0x00000005c0000000, 0x00000005cf500000, 0x0000000715580000)
  object space 250880K, 7% used [0x00000005c0000000,0x00000005c12337f0,0x00000005cf500000)
 Metaspace       used 52363K, capacity 54492K, committed 54824K, reserved 1097728K
  class space    used 6957K, capacity 7337K, committed 7464K, reserved 1048576K
Event: 10.959 GC heap after
Heap after GC invocations=12 (full 2):
 PSYoungGen      total 490496K, used 9048K [0x0000000715580000, 0x0000000734400000, 0x00000007c0000000)
  eden space 481280K, 0% used [0x0000000715580000,0x0000000715580000,0x0000000732b80000)
  from space 9216K, 98% used [0x0000000733b00000,0x00000007343d6180,0x0000000734400000)
  to   space 11776K, 0% used [0x0000000732d00000,0x0000000732d00000,0x0000000733880000)
 ParOldGen       total 250880K, used 18645K [0x00000005c0000000, 0x00000005cf500000, 0x0000000715580000)
  object space 250880K, 7% used [0x00000005c0000000,0x00000005c12357f0,0x00000005cf500000)
 Metaspace       used 52363K, capacity 54492K, committed 54824K, reserved 1097728K
  class space    used 6957K, capacity 7337K, committed 7464K, reserved 1048576K
}
Event: 13.961 GC heap before
{Heap before GC invocations=13 (full 2):
 PSYoungGen      total 490496K, used 490328K [0x0000000715580000, 0x0000000734400000, 0x00000007c0000000)
  eden space 481280K, 100% used [0x0000000715580000,0x0000000732b80000,0x0000000732b80000)
  from space 9216K, 98% used [0x0000000733b00000,0x00000007343d6180,0x0000000734400000)
  to   space 11776K, 0% used [0x0000000732d00000,0x0000000732d00000,0x0000000733880000)
 ParOldGen       total 250880K, used 18645K [0x00000005c0000000, 0x00000005cf500000, 0x0000000715580000)
  object space 250880K, 7% used [0x00000005c0000000,0x00000005c12357f0,0x00000005cf500000)
 Metaspace       used 56329K, capacity 58748K, committed 58920K, reserved 1099776K
  class space    used 7515K, capacity 7939K, committed 7976K, reserved 1048576K
Event: 13.978 GC heap after
Heap after GC invocations=13 (full 2):
 PSYoungGen      total 494592K, used 11752K [0x0000000715580000, 0x000000073c100000, 0x00000007c0000000)
  eden space 482816K, 0% used [0x0000000715580000,0x0000000715580000,0x0000000732d00000)
  from space 11776K, 99% used [0x0000000732d00000,0x000000073387a1a0,0x0000000733880000)
  to   space 14848K, 0% used [0x000000073b280000,0x000000073b280000,0x000000073c100000)
 ParOldGen       total 250880K, used 22000K [0x00000005c0000000, 0x00000005cf500000, 0x0000000715580000)
  object space 250880K, 8% used [0x00000005c0000000,0x00000005c157c0d0,0x00000005cf500000)
 Metaspace       used 56329K, capacity 58748K, committed 58920K, reserved 1099776K
  class space    used 7515K, capacity 7939K, committed 7976K, reserved 1048576K
}
Event: 14.172 GC heap before
{Heap before GC invocations=14 (full 2):
 PSYoungGen      total 494592K, used 74758K [0x0000000715580000, 0x000000073c100000, 0x00000007c0000000)
  eden space 482816K, 13% used [0x0000000715580000,0x0000000719307908,0x0000000732d00000)
  from space 11776K, 99% used [0x0000000732d00000,0x000000073387a1a0,0x0000000733880000)
  to   space 14848K, 0% used [0x000000073b280000,0x000000073b280000,0x000000073c100000)
 ParOldGen       total 250880K, used 22000K [0x00000005c0000000, 0x00000005cf500000, 0x0000000715580000)
  object space 250880K, 8% used [0x00000005c0000000,0x00000005c157c0d0,0x00000005cf500000)
 Metaspace       used 56522K, capacity 58943K, committed 59160K, reserved 1099776K
  class space    used 7542K, capacity 7976K, committed 7976K, reserved 1048576K
Event: 14.202 GC heap after
Heap after GC invocations=14 (full 2):
 PSYoungGen      total 619520K, used 9328K [0x0000000715580000, 0x0000000741300000, 0x00000007c0000000)
  eden space 604672K, 0% used [0x0000000715580000,0x0000000715580000,0x000000073a400000)
  from space 14848K, 62% used [0x000000073b280000,0x000000073bb9c050,0x000000073c100000)
  to   space 14848K, 0% used [0x000000073a400000,0x000000073a400000,0x000000073b280000)
 ParOldGen       total 250880K, used 25340K [0x00000005c0000000, 0x00000005cf500000, 0x0000000715580000)
  object space 250880K, 10% used [0x00000005c0000000,0x00000005c18bf3b0,0x00000005cf500000)
 Metaspace       used 56522K, capacity 58943K, committed 59160K, reserved 1099776K
  class space    used 7542K, capacity 7976K, committed 7976K, reserved 1048576K
}
Event: 14.202 GC heap before
{Heap before GC invocations=15 (full 3):
 PSYoungGen      total 619520K, used 9328K [0x0000000715580000, 0x0000000741300000, 0x00000007c0000000)
  eden space 604672K, 0% used [0x0000000715580000,0x0000000715580000,0x000000073a400000)
  from space 14848K, 62% used [0x000000073b280000,0x000000073bb9c050,0x000000073c100000)
  to   space 14848K, 0% used [0x000000073a400000,0x000000073a400000,0x000000073b280000)
 ParOldGen       total 250880K, used 25340K [0x00000005c0000000, 0x00000005cf500000, 0x0000000715580000)
  object space 250880K, 10% used [0x00000005c0000000,0x00000005c18bf3b0,0x00000005cf500000)
 Metaspace       used 56522K, capacity 58943K, committed 59160K, reserved 1099776K
  class space    used 7542K, capacity 7976K, committed 7976K, reserved 1048576K

Deoptimization events (10 events):
Event: 11.068 Thread 0x00007fb337002800 Uncommon trap: reason=unstable_if action=reinterpret pc=0x0000000103f6b81c method=org.springframework.beans.factory.support.AbstractAutowireCapableBeanFactory.predictBeanType(Ljava/lang/String;Lorg/springframework/beans/factory/support/RootBeanDefinition;
Event: 11.200 Thread 0x00007fb337002800 Uncommon trap: reason=unstable_if action=reinterpret pc=0x0000000103fe2a08 method=java.util.concurrent.ConcurrentHashMap.putVal(Ljava/lang/Object;Ljava/lang/Object;Z)Ljava/lang/Object; @ 331
Event: 11.201 Thread 0x00007fb337002800 Uncommon trap: reason=unstable_if action=reinterpret pc=0x000000010375545c method=java.util.concurrent.ConcurrentHashMap.get(Ljava/lang/Object;)Ljava/lang/Object; @ 86
Event: 11.276 Thread 0x00007fb337002800 Uncommon trap: reason=class_check action=maybe_recompile pc=0x0000000103e15e18 method=java.util.AbstractList$Itr.hasNext()Z @ 8
Event: 11.276 Thread 0x00007fb337002800 Uncommon trap: reason=class_check action=maybe_recompile pc=0x0000000103fe68e0 method=java.util.AbstractList$Itr.next()Ljava/lang/Object; @ 14
Event: 11.279 Thread 0x00007fb337002800 Uncommon trap: reason=class_check action=maybe_recompile pc=0x0000000103e15e18 method=java.util.AbstractList$Itr.hasNext()Z @ 8
Event: 11.279 Thread 0x00007fb337002800 Uncommon trap: reason=class_check action=maybe_recompile pc=0x0000000103fe68e0 method=java.util.AbstractList$Itr.next()Ljava/lang/Object; @ 14
Event: 12.015 Thread 0x00007fb337002800 Uncommon trap: reason=unstable_if action=reinterpret pc=0x0000000103b4c9e0 method=java.util.concurrent.ConcurrentHashMap.transfer([Ljava/util/concurrent/ConcurrentHashMap$Node;[Ljava/util/concurrent/ConcurrentHashMap$Node;)V @ 356
Event: 12.016 Thread 0x00007fb337002800 Uncommon trap: reason=unstable_if action=reinterpret pc=0x0000000103cae880 method=java.util.concurrent.ConcurrentHashMap.transfer([Ljava/util/concurrent/ConcurrentHashMap$Node;[Ljava/util/concurrent/ConcurrentHashMap$Node;)V @ 356
Event: 14.150 Thread 0x00007fb337002800 Uncommon trap: reason=unstable_if action=reinterpret pc=0x000000010350c31c method=java.lang.Class$MethodArray.addIfNotPresent(Ljava/lang/reflect/Method;)V @ 19

Classes redefined (0 events):
No events

Internal exceptions (10 events):
Event: 14.098 Thread 0x00007fb337002800 Exception <a 'java/lang/ClassNotFoundException': org/springframework/context/annotation/ConfigurationClassEnhancer$EnhancedConfigurationCustomizer> (0x0000000718452038) thrown at [/Users/java_re/workspace/8-2-build-macosx-x86_64/jdk8u201/12322/hotspot/src
Event: 14.106 Thread 0x00007fb337002800 Exception <a 'java/lang/ClassNotFoundException': org/springframework/boot/web/client/RestTemplateBuilderBeanInfo> (0x00000007185ae720) thrown at [/Users/java_re/workspace/8-2-build-macosx-x86_64/jdk8u201/12322/hotspot/src/share/vm/classfile/systemDictiona
Event: 14.107 Thread 0x00007fb337002800 Exception <a 'java/lang/ClassNotFoundException': org/springframework/boot/web/client/RestTemplateBuilderCustomizer> (0x00000007186268e0) thrown at [/Users/java_re/workspace/8-2-build-macosx-x86_64/jdk8u201/12322/hotspot/src/share/vm/classfile/systemDictio
Event: 14.109 Thread 0x00007fb337002800 Exception <a 'java/lang/ClassNotFoundException': java/lang/ObjectCustomizer> (0x000000071868e0c8) thrown at [/Users/java_re/workspace/8-2-build-macosx-x86_64/jdk8u201/12322/hotspot/src/share/vm/classfile/systemDictionary.cpp, line 210]
Event: 14.110 Thread 0x00007fb337002800 Exception <a 'java/lang/ClassNotFoundException': org/springframework/boot/autoconfigure/web/embedded/EmbeddedWebServerFactoryCustomizerAutoConfigurationCustomizer> (0x0000000718728f18) thrown at [/Users/java_re/workspace/8-2-build-macosx-x86_64/jdk8u201/1
Event: 14.110 Thread 0x00007fb337002800 Exception <a 'java/lang/ClassNotFoundException': org/springframework/boot/autoconfigure/web/embedded/EmbeddedWebServerFactoryCustomizerAutoConfiguration$$EnhancerBySpringCGLIB$$c632f705Customizer> (0x00000007187d6578) thrown at [/Users/java_re/workspace/8
Event: 14.111 Thread 0x00007fb337002800 Exception <a 'java/lang/ClassNotFoundException': org/springframework/context/annotation/ConfigurationClassEnhancer$EnhancedConfigurationCustomizer> (0x0000000718869af8) thrown at [/Users/java_re/workspace/8-2-build-macosx-x86_64/jdk8u201/12322/hotspot/src
Event: 14.114 Thread 0x00007fb337002800 Exception <a 'java/lang/ClassNotFoundException': java/lang/ObjectCustomizer> (0x00000007188ce1c8) thrown at [/Users/java_re/workspace/8-2-build-macosx-x86_64/jdk8u201/12322/hotspot/src/share/vm/classfile/systemDictionary.cpp, line 210]
Event: 14.114 Thread 0x00007fb337002800 Exception <a 'java/lang/ClassNotFoundException': org/springframework/web/multipart/support/StandardServletMultipartResolverCustomizer> (0x00000007189565d0) thrown at [/Users/java_re/workspace/8-2-build-macosx-x86_64/jdk8u201/12322/hotspot/src/share/vm/cla
Event: 14.117 Thread 0x00007fb337002800 Exception <a 'java/lang/ClassNotFoundException': org/springframework/web/multipart/MultipartResolverCustomizer> (0x00000007189d12b8) thrown at [/Users/java_re/workspace/8-2-build-macosx-x86_64/jdk8u201/12322/hotspot/src/share/vm/classfile/systemDictionary

Events (10 events):
Event: 14.167 loading class org/springframework/jmx/export/naming/SelfNaming done
Event: 14.168 loading class org/springframework/jmx/support/ObjectNameManager
Event: 14.168 loading class org/springframework/jmx/support/ObjectNameManager done
Event: 14.169 loading class org/springframework/context/support/DefaultLifecycleProcessor
Event: 14.169 loading class org/springframework/context/support/DefaultLifecycleProcessor done
Event: 14.172 loading class org/springframework/context/Lifecycle
Event: 14.172 loading class org/springframework/context/Lifecycle done
Event: 14.172 loading class org/springframework/context/support/DefaultLifecycleProcessor
Event: 14.172 loading class org/springframework/context/support/DefaultLifecycleProcessor done
Event: 14.172 Executing VM operation: CollectForMetadataAllocation


Dynamic libraries:
0x00007fff47976000 	/System/Library/Frameworks/Cocoa.framework/Versions/A/Cocoa
0x00007fff53689000 	/System/Library/Frameworks/Security.framework/Versions/A/Security
0x00007fff4660b000 	/System/Library/Frameworks/ApplicationServices.framework/Versions/A/ApplicationServices
0x00007fff73d4d000 	/usr/lib/libz.1.dylib
0x00007fff71406000 	/usr/lib/libSystem.B.dylib
0x00007fff72e80000 	/usr/lib/libobjc.A.dylib
0x00007fff4816c000 	/System/Library/Frameworks/CoreFoundation.framework/Versions/A/CoreFoundation
0x00007fff4a3fe000 	/System/Library/Frameworks/Foundation.framework/Versions/C/Foundation
0x00007fff45804000 	/System/Library/Frameworks/AppKit.framework/Versions/C/AppKit
0x00007fff47cf1000 	/System/Library/Frameworks/CoreData.framework/Versions/A/CoreData
0x00007fff6af55000 	/System/Library/PrivateFrameworks/RemoteViewServices.framework/Versions/A/RemoteViewServices
0x00007fff6f149000 	/System/Library/PrivateFrameworks/UIFoundation.framework/Versions/A/UIFoundation
0x00007fff7082b000 	/System/Library/PrivateFrameworks/XCTTargetBootstrap.framework/Versions/A/XCTTargetBootstrap
0x00007fff65d8d000 	/System/Library/PrivateFrameworks/IconServices.framework/Versions/A/IconServices
0x00007fff4cd1c000 	/System/Library/Frameworks/Metal.framework/Versions/A/Metal
0x00007fff5d318000 	/System/Library/PrivateFrameworks/DesktopServicesPriv.framework/Versions/A/DesktopServicesPriv
0x00007fff721e6000 	/usr/lib/libenergytrace.dylib
0x00007fff6d638000 	/System/Library/PrivateFrameworks/SkyLight.framework/Versions/A/SkyLight
0x00007fff485b2000 	/System/Library/Frameworks/CoreGraphics.framework/Versions/A/CoreGraphics
0x00007fff443ee000 	/System/Library/Frameworks/Accelerate.framework/Versions/A/Accelerate
0x00007fff4ab44000 	/System/Library/Frameworks/IOSurface.framework/Versions/A/IOSurface
0x00007fff5d184000 	/System/Library/PrivateFrameworks/DFRFoundation.framework/Versions/A/DFRFoundation
0x00007fff46aee000 	/System/Library/Frameworks/AudioToolbox.framework/Versions/A/AudioToolbox
0x00007fff46d67000 	/System/Library/Frameworks/AudioUnit.framework/Versions/A/AudioUnit
0x00007fff5d219000 	/System/Library/PrivateFrameworks/DataDetectorsCore.framework/Versions/A/DataDetectorsCore
0x00007fff4747a000 	/System/Library/Frameworks/Carbon.framework/Versions/A/Frameworks/HIToolbox.framework/Versions/A/HIToolbox
0x00007fff7233f000 	/usr/lib/libicucore.A.dylib
0x00007fff52c00000 	/System/Library/Frameworks/QuartzCore.framework/Versions/A/QuartzCore
0x00007fff4784e000 	/System/Library/Frameworks/Carbon.framework/Versions/A/Frameworks/SpeechRecognition.framework/Versions/A/SpeechRecognition
0x00007fff715da000 	/usr/lib/libauto.dylib
0x00007fff73c41000 	/usr/lib/libxml2.2.dylib
0x00007fff5cd64000 	/System/Library/PrivateFrameworks/CoreUI.framework/Versions/A/CoreUI
0x00007fff47bdc000 	/System/Library/Frameworks/CoreAudio.framework/Versions/A/CoreAudio
0x00007fff4a23a000 	/System/Library/Frameworks/DiskArbitration.framework/Versions/A/DiskArbitration
0x00007fff725ec000 	/usr/lib/liblangid.dylib
0x00007fff6718d000 	/System/Library/PrivateFrameworks/MultitouchSupport.framework/Versions/A/MultitouchSupport
0x00007fff4aab3000 	/System/Library/Frameworks/IOKit.framework/Versions/A/IOKit
0x00007fff70fc7000 	/usr/lib/libDiagnosticMessagesClient.dylib
0x00007fff493db000 	/System/Library/Frameworks/CoreServices.framework/Versions/A/CoreServices
0x00007fff68d63000 	/System/Library/PrivateFrameworks/PerformanceAnalysis.framework/Versions/A/PerformanceAnalysis
0x00007fff51df0000 	/System/Library/Frameworks/OpenGL.framework/Versions/A/OpenGL
0x00007fff47984000 	/System/Library/Frameworks/ColorSync.framework/Versions/A/ColorSync
0x00007fff48c60000 	/System/Library/Frameworks/CoreImage.framework/Versions/A/CoreImage
0x00007fff49db4000 	/System/Library/Frameworks/CoreText.framework/Versions/A/CoreText
0x00007fff4aba7000 	/System/Library/Frameworks/ImageIO.framework/Versions/A/ImageIO
0x00007fff593c2000 	/System/Library/PrivateFrameworks/Backup.framework/Versions/A/Backup
0x00007fff714ad000 	/usr/lib/libarchive.2.dylib
0x00007fff470bf000 	/System/Library/Frameworks/CFNetwork.framework/Versions/A/CFNetwork
0x00007fff53de2000 	/System/Library/Frameworks/SystemConfiguration.framework/Versions/A/SystemConfiguration
0x00007fff70ef8000 	/usr/lib/libCRFSuite.dylib
0x00007fff716c9000 	/usr/lib/libc++.1.dylib
0x00007fff7171d000 	/usr/lib/libc++abi.dylib
0x00007fff7453c000 	/usr/lib/system/libcache.dylib
0x00007fff74541000 	/usr/lib/system/libcommonCrypto.dylib
0x00007fff7454c000 	/usr/lib/system/libcompiler_rt.dylib
0x00007fff74554000 	/usr/lib/system/libcopyfile.dylib
0x00007fff7455e000 	/usr/lib/system/libcorecrypto.dylib
0x00007fff74669000 	/usr/lib/system/libdispatch.dylib
0x00007fff746a3000 	/usr/lib/system/libdyld.dylib
0x00007fff746d0000 	/usr/lib/system/libkeymgr.dylib
0x00007fff746de000 	/usr/lib/system/liblaunch.dylib
0x00007fff746df000 	/usr/lib/system/libmacho.dylib
0x00007fff746e5000 	/usr/lib/system/libquarantine.dylib
0x00007fff746e8000 	/usr/lib/system/libremovefile.dylib
0x00007fff746ea000 	/usr/lib/system/libsystem_asl.dylib
0x00007fff74702000 	/usr/lib/system/libsystem_blocks.dylib
0x00007fff74703000 	/usr/lib/system/libsystem_c.dylib
0x00007fff7478b000 	/usr/lib/system/libsystem_configuration.dylib
0x00007fff7478f000 	/usr/lib/system/libsystem_coreservices.dylib
0x00007fff74793000 	/usr/lib/system/libsystem_darwin.dylib
0x00007fff7479a000 	/usr/lib/system/libsystem_dnssd.dylib
0x00007fff747a1000 	/usr/lib/system/libsystem_info.dylib
0x00007fff74816000 	/usr/lib/system/libsystem_m.dylib
0x00007fff74862000 	/usr/lib/system/libsystem_malloc.dylib
0x00007fff74887000 	/usr/lib/system/libsystem_networkextension.dylib
0x00007fff74892000 	/usr/lib/system/libsystem_notify.dylib
0x00007fff748af000 	/usr/lib/system/libsystem_sandbox.dylib
0x00007fff748b3000 	/usr/lib/system/libsystem_secinit.dylib
0x00007fff747ed000 	/usr/lib/system/libsystem_kernel.dylib
0x00007fff7489a000 	/usr/lib/system/libsystem_platform.dylib
0x00007fff748a4000 	/usr/lib/system/libsystem_pthread.dylib
0x00007fff748b6000 	/usr/lib/system/libsystem_symptoms.dylib
0x00007fff748be000 	/usr/lib/system/libsystem_trace.dylib
0x00007fff748d5000 	/usr/lib/system/libunwind.dylib
0x00007fff748db000 	/usr/lib/system/libxpc.dylib
0x00007fff716aa000 	/usr/lib/libbsm.0.dylib
0x00007fff746d1000 	/usr/lib/system/libkxld.dylib
0x00007fff58608000 	/System/Library/PrivateFrameworks/AppleFSCompression.framework/Versions/A/AppleFSCompression
0x00007fff712c6000 	/usr/lib/libOpenScriptingUtil.dylib
0x00007fff719d2000 	/usr/lib/libcoretls.dylib
0x00007fff719e9000 	/usr/lib/libcoretls_cfhelpers.dylib
0x00007fff7361a000 	/usr/lib/libpam.2.dylib
0x00007fff737da000 	/usr/lib/libsqlite3.dylib
0x00007fff73c2f000 	/usr/lib/libxar.1.dylib
0x00007fff716bb000 	/usr/lib/libbz2.1.0.dylib
0x00007fff725ee000 	/usr/lib/liblzma.5.dylib
0x00007fff72a9f000 	/usr/lib/libnetwork.dylib
0x00007fff71496000 	/usr/lib/libapple_nghttp2.dylib
0x00007fff73621000 	/usr/lib/libpcap.A.dylib
0x00007fff4977a000 	/System/Library/Frameworks/CoreServices.framework/Versions/A/Frameworks/FSEvents.framework/Versions/A/FSEvents
0x00007fff49459000 	/System/Library/Frameworks/CoreServices.framework/Versions/A/Frameworks/CarbonCore.framework/Versions/A/CarbonCore
0x00007fff49936000 	/System/Library/Frameworks/CoreServices.framework/Versions/A/Frameworks/Metadata.framework/Versions/A/Metadata
0x00007fff499d5000 	/System/Library/Frameworks/CoreServices.framework/Versions/A/Frameworks/OSServices.framework/Versions/A/OSServices
0x00007fff49a20000 	/System/Library/Frameworks/CoreServices.framework/Versions/A/Frameworks/SearchKit.framework/Versions/A/SearchKit
0x00007fff493dc000 	/System/Library/Frameworks/CoreServices.framework/Versions/A/Frameworks/AE.framework/Versions/A/AE
0x00007fff49783000 	/System/Library/Frameworks/CoreServices.framework/Versions/A/Frameworks/LaunchServices.framework/Versions/A/LaunchServices
0x00007fff49731000 	/System/Library/Frameworks/CoreServices.framework/Versions/A/Frameworks/DictionaryServices.framework/Versions/A/DictionaryServices
0x00007fff49a88000 	/System/Library/Frameworks/CoreServices.framework/Versions/A/Frameworks/SharedFileList.framework/Versions/A/SharedFileList
0x00007fff4ddcb000 	/System/Library/Frameworks/NetFS.framework/Versions/A/NetFS
0x00007fff673f3000 	/System/Library/PrivateFrameworks/NetAuth.framework/Versions/A/NetAuth
0x00007fff70c2f000 	/System/Library/PrivateFrameworks/login.framework/Versions/A/Frameworks/loginsupport.framework/Versions/A/loginsupport
0x00007fff6ed52000 	/System/Library/PrivateFrameworks/TCC.framework/Versions/A/TCC
0x00007fff5c3c3000 	/System/Library/PrivateFrameworks/CoreNLP.framework/Versions/A/CoreNLP
0x00007fff66e8c000 	/System/Library/PrivateFrameworks/MetadataUtilities.framework/Versions/A/MetadataUtilities
0x00007fff726c3000 	/usr/lib/libmecabra.dylib
0x00007fff4660c000 	/System/Library/Frameworks/ApplicationServices.framework/Versions/A/Frameworks/ATS.framework/Versions/A/ATS
0x00007fff4695b000 	/System/Library/Frameworks/ApplicationServices.framework/Versions/A/Frameworks/ColorSyncLegacy.framework/Versions/A/ColorSyncLegacy
0x00007fff469fa000 	/System/Library/Frameworks/ApplicationServices.framework/Versions/A/Frameworks/HIServices.framework/Versions/A/HIServices
0x00007fff46a4d000 	/System/Library/Frameworks/ApplicationServices.framework/Versions/A/Frameworks/LangAnalysis.framework/Versions/A/LangAnalysis
0x00007fff46a5d000 	/System/Library/Frameworks/ApplicationServices.framework/Versions/A/Frameworks/PrintCore.framework/Versions/A/PrintCore
0x00007fff46aa7000 	/System/Library/Frameworks/ApplicationServices.framework/Versions/A/Frameworks/QD.framework/Versions/A/QD
0x00007fff46ae1000 	/System/Library/Frameworks/ApplicationServices.framework/Versions/A/Frameworks/SpeechSynthesis.framework/Versions/A/SpeechSynthesis
0x00007fff71745000 	/usr/lib/libcompression.dylib
0x00007fff48084000 	/System/Library/Frameworks/CoreDisplay.framework/Versions/A/CoreDisplay
0x00007fff4cfd3000 	/System/Library/Frameworks/MetalPerformanceShaders.framework/Versions/A/MetalPerformanceShaders
0x00007fff44406000 	/System/Library/Frameworks/Accelerate.framework/Versions/A/Frameworks/vImage.framework/Versions/A/vImage
0x00007fff45662000 	/System/Library/Frameworks/Accelerate.framework/Versions/A/Frameworks/vecLib.framework/Versions/A/vecLib
0x00007fff454ed000 	/System/Library/Frameworks/Accelerate.framework/Versions/A/Frameworks/vecLib.framework/Versions/A/libvMisc.dylib
0x00007fff4534c000 	/System/Library/Frameworks/Accelerate.framework/Versions/A/Frameworks/vecLib.framework/Versions/A/libvDSP.dylib
0x00007fff44cfb000 	/System/Library/Frameworks/Accelerate.framework/Versions/A/Frameworks/vecLib.framework/Versions/A/libBLAS.dylib
0x00007fff44ee7000 	/System/Library/Frameworks/Accelerate.framework/Versions/A/Frameworks/vecLib.framework/Versions/A/libLAPACK.dylib
0x00007fff452a0000 	/System/Library/Frameworks/Accelerate.framework/Versions/A/Frameworks/vecLib.framework/Versions/A/libLinearAlgebra.dylib
0x00007fff45339000 	/System/Library/Frameworks/Accelerate.framework/Versions/A/Frameworks/vecLib.framework/Versions/A/libSparseBLAS.dylib
0x00007fff452b6000 	/System/Library/Frameworks/Accelerate.framework/Versions/A/Frameworks/vecLib.framework/Versions/A/libQuadrature.dylib
0x00007fff44ea2000 	/System/Library/Frameworks/Accelerate.framework/Versions/A/Frameworks/vecLib.framework/Versions/A/libBNNS.dylib
0x00007fff452bc000 	/System/Library/Frameworks/Accelerate.framework/Versions/A/Frameworks/vecLib.framework/Versions/A/libSparse.dylib
0x00007fff636fe000 	/System/Library/PrivateFrameworks/GPUWrangler.framework/Versions/A/GPUWrangler
0x00007fff659c2000 	/System/Library/PrivateFrameworks/IOAccelerator.framework/Versions/A/IOAccelerator
0x00007fff659cd000 	/System/Library/PrivateFrameworks/IOPresentment.framework/Versions/A/IOPresentment
0x00007fff5d194000 	/System/Library/PrivateFrameworks/DSExternalDisplay.framework/Versions/A/DSExternalDisplay
0x00007fff51247000 	/System/Library/Frameworks/OpenGL.framework/Versions/A/Libraries/libCoreFSCache.dylib
0x00007fff4cdc7000 	/System/Library/Frameworks/MetalPerformanceShaders.framework/Frameworks/MPSCore.framework/Versions/A/MPSCore
0x00007fff4cde7000 	/System/Library/Frameworks/MetalPerformanceShaders.framework/Frameworks/MPSImage.framework/Versions/A/MPSImage
0x00007fff4ce8c000 	/System/Library/Frameworks/MetalPerformanceShaders.framework/Frameworks/MPSNeuralNetwork.framework/Versions/A/MPSNeuralNetwork
0x00007fff4ce64000 	/System/Library/Frameworks/MetalPerformanceShaders.framework/Frameworks/MPSMatrix.framework/Versions/A/MPSMatrix
0x00007fff4cfb8000 	/System/Library/Frameworks/MetalPerformanceShaders.framework/Frameworks/MPSRayIntersector.framework/Versions/A/MPSRayIntersector
0x00007fff66eb5000 	/System/Library/PrivateFrameworks/MetalTools.framework/Versions/A/MetalTools
0x00007fff57d09000 	/System/Library/PrivateFrameworks/AggregateDictionary.framework/Versions/A/AggregateDictionary
0x00007fff712a7000 	/usr/lib/libMobileGestalt.dylib
0x00007fff49f17000 	/System/Library/Frameworks/CoreVideo.framework/Versions/A/CoreVideo
0x00007fff64508000 	/System/Library/PrivateFrameworks/GraphVisualizer.framework/Versions/A/GraphVisualizer
0x00007fff5e38e000 	/System/Library/PrivateFrameworks/FaceCore.framework/Versions/A/FaceCore
0x00007fff50875000 	/System/Library/Frameworks/OpenCL.framework/Versions/A/OpenCL
0x00007fff70fff000 	/usr/lib/libFosl_dynamic.dylib
0x00007fff67c5e000 	/System/Library/PrivateFrameworks/OTSVG.framework/Versions/A/OTSVG
0x00007fff46710000 	/System/Library/Frameworks/ApplicationServices.framework/Versions/A/Frameworks/ATS.framework/Versions/A/Resources/libFontParser.dylib
0x00007fff46828000 	/System/Library/Frameworks/ApplicationServices.framework/Versions/A/Frameworks/ATS.framework/Versions/A/Resources/libFontRegistry.dylib
0x00007fff4ae19000 	/System/Library/Frameworks/ImageIO.framework/Versions/A/Resources/libJPEG.dylib
0x00007fff4b12c000 	/System/Library/Frameworks/ImageIO.framework/Versions/A/Resources/libTIFF.dylib
0x00007fff4b102000 	/System/Library/Frameworks/ImageIO.framework/Versions/A/Resources/libPng.dylib
0x00007fff4ad36000 	/System/Library/Frameworks/ImageIO.framework/Versions/A/Resources/libGIF.dylib
0x00007fff4ad3b000 	/System/Library/Frameworks/ImageIO.framework/Versions/A/Resources/libJP2.dylib
0x00007fff4b129000 	/System/Library/Frameworks/ImageIO.framework/Versions/A/Resources/libRadiance.dylib
0x00007fff5875d000 	/System/Library/PrivateFrameworks/AppleJPEG.framework/Versions/A/AppleJPEG
0x00007fff51252000 	/System/Library/Frameworks/OpenGL.framework/Versions/A/Libraries/libGFXShared.dylib
0x00007fff51415000 	/System/Library/Frameworks/OpenGL.framework/Versions/A/Libraries/libGLU.dylib
0x00007fff5125b000 	/System/Library/Frameworks/OpenGL.framework/Versions/A/Libraries/libGL.dylib
0x00007fff51267000 	/System/Library/Frameworks/OpenGL.framework/Versions/A/Libraries/libGLImage.dylib
0x00007fff51244000 	/System/Library/Frameworks/OpenGL.framework/Versions/A/Libraries/libCVMSPluginSupport.dylib
0x00007fff5124d000 	/System/Library/Frameworks/OpenGL.framework/Versions/A/Libraries/libCoreVMClient.dylib
0x00007fff7205c000 	/usr/lib/libcups.2.dylib
0x00007fff4c2ef000 	/System/Library/Frameworks/Kerberos.framework/Versions/A/Kerberos
0x00007fff4a81a000 	/System/Library/Frameworks/GSS.framework/Versions/A/GSS
0x00007fff7376f000 	/usr/lib/libresolv.9.dylib
0x00007fff7224e000 	/usr/lib/libiconv.2.dylib
0x00007fff64664000 	/System/Library/PrivateFrameworks/Heimdal.framework/Versions/A/Heimdal
0x00007fff7221e000 	/usr/lib/libheimdal-asn1.dylib
0x00007fff508e9000 	/System/Library/Frameworks/OpenDirectory.framework/Versions/A/OpenDirectory
0x00007fff5b12a000 	/System/Library/PrivateFrameworks/CommonAuth.framework/Versions/A/CommonAuth
0x00007fff508cd000 	/System/Library/Frameworks/OpenDirectory.framework/Versions/A/Frameworks/CFOpenDirectory.framework/Versions/A/CFOpenDirectory
0x00007fff53988000 	/System/Library/Frameworks/SecurityFoundation.framework/Versions/A/SecurityFoundation
0x00007fff57264000 	/System/Library/PrivateFrameworks/APFS.framework/Versions/A/APFS
0x00007fff73c2b000 	/usr/lib/libutil.dylib
0x00007fff71733000 	/usr/lib/libcharset.1.dylib
0x00007fff589fa000 	/System/Library/PrivateFrameworks/AppleSauce.framework/Versions/A/AppleSauce
0x00007fff58b7b000 	/System/Library/PrivateFrameworks/AssertionServices.framework/Versions/A/AssertionServices
0x00007fff59458000 	/System/Library/PrivateFrameworks/BaseBoard.framework/Versions/A/BaseBoard
0x00007fff7261e000 	/usr/lib/libmecab.1.0.0.dylib
0x00007fff72218000 	/usr/lib/libgermantok.dylib
0x00007fff71483000 	/usr/lib/libThaiTokenizer.dylib
0x00007fff70f2f000 	/usr/lib/libChineseTokenizer.dylib
0x00007fff66079000 	/System/Library/PrivateFrameworks/LanguageModeling.framework/Versions/A/LanguageModeling
0x00007fff5be09000 	/System/Library/PrivateFrameworks/CoreEmoji.framework/Versions/A/CoreEmoji
0x00007fff66155000 	/System/Library/PrivateFrameworks/Lexicon.framework/Versions/A/Lexicon
0x00007fff66198000 	/System/Library/PrivateFrameworks/LinguisticData.framework/Versions/A/LinguisticData
0x00007fff71734000 	/usr/lib/libcmph.dylib
0x00007fff53a46000 	/System/Library/Frameworks/ServiceManagement.framework/Versions/A/ServiceManagement
0x00007fff593b9000 	/System/Library/PrivateFrameworks/BackgroundTaskManagement.framework/Versions/A/BackgroundTaskManagement
0x00007fff73d24000 	/usr/lib/libxslt.1.dylib
0x00007fff4777b000 	/System/Library/Frameworks/Carbon.framework/Versions/A/Frameworks/Ink.framework/Versions/A/Ink
0x00007fff6efc4000 	/System/Library/PrivateFrameworks/TextureIO.framework/Versions/A/TextureIO
0x00007fff714d7000 	/usr/lib/libate.dylib
0x00007fff5d0e4000 	/System/Library/PrivateFrameworks/CrashReporterSupport.framework/Versions/A/CrashReporterSupport
0x00007fff6c776000 	/System/Library/PrivateFrameworks/Sharing.framework/Versions/A/Sharing
0x00007fff58f5a000 	/System/Library/PrivateFrameworks/AuthKit.framework/Versions/A/AuthKit
0x00007fff58304000 	/System/Library/PrivateFrameworks/Apple80211.framework/Versions/A/Apple80211
0x00007fff5ce90000 	/System/Library/PrivateFrameworks/CoreUtils.framework/Versions/A/CoreUtils
0x00007fff49f55000 	/System/Library/Frameworks/CoreWLAN.framework/Versions/A/CoreWLAN
0x00007fff4a949000 	/System/Library/Frameworks/IOBluetooth.framework/Versions/A/IOBluetooth
0x00007fff6ac02000 	/System/Library/PrivateFrameworks/ProtocolBuffer.framework/Versions/A/ProtocolBuffer
0x00007fff670eb000 	/System/Library/PrivateFrameworks/MobileKeyBag.framework/Versions/A/MobileKeyBag
0x00007fff5c6d6000 	/System/Library/PrivateFrameworks/CorePhoneNumbers.framework/Versions/A/CorePhoneNumbers
0x00007fff58711000 	/System/Library/PrivateFrameworks/AppleIDAuthSupport.framework/Versions/A/AppleIDAuthSupport
0x00007fff6604c000 	/System/Library/PrivateFrameworks/KeychainCircle.framework/Versions/A/KeychainCircle
0x00007fff6adb8000 	/System/Library/PrivateFrameworks/ROCKit.framework/Versions/A/ROCKit
0x00007fff5d080000 	/System/Library/PrivateFrameworks/CoreWiFi.framework/Versions/A/CoreWiFi
0x00007fff47cc6000 	/System/Library/Frameworks/CoreBluetooth.framework/Versions/A/CoreBluetooth
0x00007fff5d2da000 	/System/Library/PrivateFrameworks/DebugSymbols.framework/Versions/A/DebugSymbols
0x00007fff5cc51000 	/System/Library/PrivateFrameworks/CoreSymbolication.framework/Versions/A/CoreSymbolication
0x00007fff6e7e0000 	/System/Library/PrivateFrameworks/Symbolication.framework/Versions/A/Symbolication
0x00007fff6e083000 	/System/Library/PrivateFrameworks/SpeechRecognitionCore.framework/Versions/A/SpeechRecognitionCore
0x00000001023d9000 	/Library/Java/JavaVirtualMachines/jdk1.8.0_201.jdk/Contents/Home/jre/lib/server/libjvm.dylib
0x00007fff73afc000 	/usr/lib/libstdc++.6.dylib
0x00000001016ad000 	/Library/Java/JavaVirtualMachines/jdk1.8.0_201.jdk/Contents/Home/jre/lib/libverify.dylib
0x00000001016bb000 	/Library/Java/JavaVirtualMachines/jdk1.8.0_201.jdk/Contents/Home/jre/lib/libjava.dylib
0x000000010173b000 	/Library/Java/JavaVirtualMachines/jdk1.8.0_201.jdk/Contents/Home/jre/lib/libzip.dylib
0x00000001269c7000 	/Library/Java/JavaVirtualMachines/jdk1.8.0_201.jdk/Contents/Home/jre/lib/libmanagement.dylib
0x0000000126a4b000 	/Library/Java/JavaVirtualMachines/jdk1.8.0_201.jdk/Contents/Home/jre/lib/libnet.dylib
0x00000001269fd000 	/Library/Java/JavaVirtualMachines/jdk1.8.0_201.jdk/Contents/Home/jre/lib/libnio.dylib

VM Arguments:
java_command: target/proshare-0.0.1-SNAPSHOT.jar
java_class_path (initial): target/proshare-0.0.1-SNAPSHOT.jar
Launcher Type: SUN_STANDARD

Environment Variables:
PATH=/Library/Frameworks/Python.framework/Versions/2.7/bin:/Developer/NVIDIA/CUDA-10.1/bin:/Library/Frameworks/Python.framework/Versions/2.7/bin:/Users/hxs1943/anaconda3/bin:/Users/hxs1943/anaconda3/condabin:/Users/hxs1943/anaconda3/bin:/usr/local/bin:/usr/bin:/bin:/usr/sbin:/sbin:/Library/TeX/texbin:/usr/local/munki:/opt/X11/bin:/Users/hxs1943/torch/install/bin
SHELL=/bin/bash
DISPLAY=/private/tmp/com.apple.launchd.9zHFMdCjTi/org.macosforge.xquartz:0

Signal Handlers:
SIGSEGV: [libjvm.dylib+0x5b723d], sa_mask[0]=11111111011111110111111111111111, sa_flags=SA_ONSTACK|SA_RESTART|SA_SIGINFO
SIGBUS: [libjvm.dylib+0x5b723d], sa_mask[0]=11111111011111110111111111111111, sa_flags=SA_RESTART|SA_SIGINFO
SIGFPE: [libjvm.dylib+0x48c9bc], sa_mask[0]=11111111011111110111111111111111, sa_flags=SA_RESTART|SA_SIGINFO
SIGPIPE: [libjvm.dylib+0x48c9bc], sa_mask[0]=11111111011111110111111111111111, sa_flags=SA_RESTART|SA_SIGINFO
SIGXFSZ: [libjvm.dylib+0x48c9bc], sa_mask[0]=11111111011111110111111111111111, sa_flags=SA_RESTART|SA_SIGINFO
SIGILL: [libjvm.dylib+0x48c9bc], sa_mask[0]=11111111011111110111111111111111, sa_flags=SA_RESTART|SA_SIGINFO
SIGUSR1: SIG_DFL, sa_mask[0]=11011111011111100000000111000110, sa_flags=none
SIGUSR2: [libjvm.dylib+0x48c4da], sa_mask[0]=00100000000000000000000000000000, sa_flags=SA_RESTART|SA_SIGINFO
SIGHUP: [libjvm.dylib+0x48aa65], sa_mask[0]=11111111011111110111111111111111, sa_flags=SA_RESTART|SA_SIGINFO
SIGINT: [libjvm.dylib+0x48aa65], sa_mask[0]=11111111011111110111111111111111, sa_flags=SA_RESTART|SA_SIGINFO
SIGTERM: [libjvm.dylib+0x48aa65], sa_mask[0]=11111111011111110111111111111111, sa_flags=SA_RESTART|SA_SIGINFO
SIGQUIT: [libjvm.dylib+0x48aa65], sa_mask[0]=11111111011111110111111111111111, sa_flags=SA_RESTART|SA_SIGINFO


---------------  S Y S T E M  ---------------

OS:Bsduname:Darwin 18.5.0 Darwin Kernel Version 18.5.0: Mon Mar 11 20:40:32 PDT 2019; root:xnu-4903.251.3~3/RELEASE_X86_64 x86_64
rlimit: STACK 8192k, CORE 0k, NPROC 2837, NOFILE 10240, AS infinity
load average:36.26 16.85 12.23

CPU:total 4 (initial active 4) (4 cores per cpu, 1 threads per core) family 6 model 58 stepping 9, cmov, cx8, fxsr, mmx, sse, sse2, sse3, ssse3, sse4.1, sse4.2, popcnt, avx, aes, clmul, erms, tsc, tscinvbit, tscinv

Memory: 4k page, physical 33554432k(25824k free)

/proc/meminfo:


vm_info: Java HotSpot(TM) 64-Bit Server VM (25.201-b09) for bsd-amd64 JRE (1.8.0_201-b09), built on Dec 15 2018 18:35:23 by "java_re" with gcc 4.2.1 (Based on Apple Inc. build 5658) (LLVM build 2336.11.00)

time: Sun Aug  4 16:24:57 2019
timezone: EDT
elapsed time: 14 seconds (0d 0h 0m 14s)

