#
# A fatal error has been detected by the Java Runtime Environment:
#
#  SIGSEGV (0xb) at pc=0x0000000000000000, pid=54881, tid=0x0000000000005203
#
# JRE version: Java(TM) SE Runtime Environment (8.0_201-b09) (build 1.8.0_201-b09)
# Java VM: Java HotSpot(TM) 64-Bit Server VM (25.201-b09 mixed mode bsd-amd64 compressed oops)
# Problematic frame:
# C  0x0000000000000000
#
# Failed to write core dump. Core dumps have been disabled. To enable core dumping, try "ulimit -c unlimited" before starting Java again
#
# If you would like to submit a bug report, please visit:
#   http://bugreport.java.com/bugreport/crash.jsp
#

---------------  T H R E A D  ---------------

Current thread (0x00007fece0805000):  GCTaskThread [stack: 0x000070000d5cb000,0x000070000d6cb000] [id=20995]

siginfo: si_signo: 11 (SIGSEGV), si_code: 1 (SEGV_MAPERR), si_addr: 0x0000000000000000

Registers:
RAX=0x00000007c0080208, RBX=0x0000000000000011, RCX=0x00000005c041fc03, RDX=0x00000005c041fc28
RSP=0x000070000d6cac98, RBP=0x000070000d6cad00, RSI=0x00007fece103d140, RDI=0x00000007c0080208
R8 =0x00000001074f1f16, R9 =0x00000005c041fc28, R10=0x00000005c78f9e98, R11=0xfffffffea2405828
R12=0x00007fece103d101, R13=0x00000005c041fc28, R14=0x00007fece103d140, R15=0x00000007c0080028
RIP=0x0000000000000000, EFLAGS=0x0000000000010217, ERR=0x0000000000000014
  TRAPNO=0x000000000000000e

Top of Stack: (sp=0x000070000d6cac98)
0x000070000d6cac98:   00000001070cc9f2 0000000727228d4c
0x000070000d6caca8:   000000071e01a400 00000007278a8040
0x000070000d6cacb8:   0000000000001000 00007fece103d140
0x000070000d6cacc8:   0000000000000019 0000000000000019
0x000070000d6cacd8:   00000007278ace0d 00000001074f1f16
0x000070000d6cace8:   00000007278ace0d 00000007278ace0c
0x000070000d6cacf8:   00007fece103d1d8 000070000d6cad20
0x000070000d6cad08:   00000001070ccb1f 00007fece103d140
0x000070000d6cad18:   00007fece103d1a0 000070000d6cad80
0x000070000d6cad28:   00000001070cbab2 00000007273be51d
0x000070000d6cad38:   010070000d6cada4 00000007278ace0d
0x000070000d6cad48:   00000001070cc4be 000070000d6cad80
0x000070000d6cad58:   0000000000000003 000070000d6cada4
0x000070000d6cad68:   000070000d6cad98 00007fece15c2f60
0x000070000d6cad78:   00007fece103d140 000070000d6cadd0
0x000070000d6cad88:   00000001070cf7cb 0000000000000003
0x000070000d6cad98:   000000071da55d02 0c610be20d6cadd0
0x000070000d6cada8:   00007fece0805000 0000000000000000
0x000070000d6cadb8:   000000010721b490 00007fece15c2f60
0x000070000d6cadc8:   0000000000000001 000070000d6caeb0
0x000070000d6cadd8:   0000000106e79377 000070000d6cae10
0x000070000d6cade8:   00007fecdf706790 00007fecdf7067c0
0x000070000d6cadf8:   00007fecdf7067d0 00007fecdf706ba8
0x000070000d6cae08:   00000000000003d8 00007fece0805000
0x000070000d6cae18:   00007fecdf706bb0 00007fecdf706bf0
0x000070000d6cae28:   00007fecdf706c00 00007fecdf706cd8
0x000070000d6cae38:   00000000000000d8 000070000d6cae50
0x000070000d6cae48:   0000000000000000 00007fece0805000
0x000070000d6cae58:   00007fecdf706bb0 00007fecdf706bf0
0x000070000d6cae68:   00007fecdf706c00 00007fecdf706cd8
0x000070000d6cae78:   00000000000000d8 00007fecdf706df0
0x000070000d6cae88:   00007fece0805000 00000000005f052e 

Instructions: (pc=0x0000000000000000)
0xffffffffffffffe0:   

Register to memory mapping:

RAX=0x00000007c0080208 is pointing into metadata
RBX=0x0000000000000011 is an unknown value
RCX=0x00000005c041fc03 is pointing into object: 0x00000005c041fbf8
[I 
 - klass: {type array int}
 - length: 8
RDX=0x00000005c041fc28 is an oop
